Log file open, 12/03/18 21:07:13
LogWindows: Failed to load 'aqProf.dll' (GetLastError=126)
LogWindows: File 'aqProf.dll' does not exist
LogWindows: Failed to load 'VSPerf140.dll' (GetLastError=126)
LogWindows: File 'VSPerf140.dll' does not exist
LogWindows: Failed to load 'VtuneApi.dll' (GetLastError=126)
LogWindows: File 'VtuneApi.dll' does not exist
LogWindows: Failed to load 'VtuneApi32e.dll' (GetLastError=126)
LogWindows: File 'VtuneApi32e.dll' does not exist
LogInit: Display: Running engine for game: FinalMetroVR
LogPlatformFile: Not using cached read wrapper
LogTaskGraph: Started task graph with 5 named threads and 47 total threads with 3 sets of task threads.
LogStats: Stats thread started at 0.578548
LogD3D11RHI: Loaded GFSDK_Aftermath_Lib.x64.dll
LogICUInternationalization: Display: ICU TimeZone Detection - Raw Offset: -3:00, Platform Override: ''
LogPluginManager: Mounting plugin Paper2D
LogPluginManager: Mounting plugin AISupport
LogPluginManager: Mounting plugin LightPropagationVolume
LogPluginManager: Mounting plugin CLionSourceCodeAccess
LogPluginManager: Mounting plugin CodeLiteSourceCodeAccess
LogPluginManager: Mounting plugin GitSourceControl
LogPluginManager: Mounting plugin KDevelopSourceCodeAccess
LogPluginManager: Mounting plugin NullSourceCodeAccess
LogPluginManager: Mounting plugin PerforceSourceControl
LogPluginManager: Mounting plugin SubversionSourceControl
LogPluginManager: Mounting plugin UObjectPlugin
LogPluginManager: Mounting plugin VisualStudioCodeSourceCodeAccess
LogPluginManager: Mounting plugin VisualStudioSourceCodeAccess
LogPluginManager: Mounting plugin XCodeSourceCodeAccess
LogPluginManager: Mounting plugin AssetManagerEditor
LogPluginManager: Mounting plugin CryptoKeys
LogPluginManager: Mounting plugin DataValidation
LogPluginManager: Mounting plugin EditorScriptingUtilities
LogPluginManager: Mounting plugin FacialAnimation
LogPluginManager: Mounting plugin GameplayTagsEditor
LogPluginManager: Mounting plugin MacGraphicsSwitching
LogPluginManager: Mounting plugin MeshEditor
LogPluginManager: Mounting plugin MobileLauncherProfileWizard
LogPluginManager: Mounting plugin PluginBrowser
LogPluginManager: Mounting plugin SpeedTreeImporter
LogPluginManager: Mounting plugin DatasmithContent
LogPluginManager: Mounting plugin AlembicImporter
LogPluginManager: Mounting plugin AppleImageUtils
LogPluginManager: Mounting plugin AppleVision
LogPluginManager: Mounting plugin BackChannel
LogPluginManager: Mounting plugin CharacterAI
LogPluginManager: Mounting plugin GeometryCache
LogPluginManager: Mounting plugin HTML5Networking
LogPluginManager: Mounting plugin ProxyLODPlugin
LogPluginManager: Mounting plugin MagicLeap
LogPluginManager: Mounting plugin MagicLeapEmulator
LogPluginManager: Mounting plugin MagicLeapMedia
LogPluginManager: Mounting plugin AndroidMedia
LogPluginManager: Mounting plugin AvfMedia
LogPluginManager: Mounting plugin ImgMedia
LogPluginManager: Mounting plugin LinearTimecode
LogPluginManager: Mounting plugin MediaCompositing
LogPluginManager: Mounting plugin MediaPlayerEditor
LogPluginManager: Mounting plugin WmfMedia
LogPluginManager: Mounting plugin TcpMessaging
LogPluginManager: Mounting plugin UdpMessaging
LogPluginManager: Mounting plugin ActorSequence
LogPluginManager: Mounting plugin LevelSequenceEditor
LogPluginManager: Mounting plugin MatineeToLevelSequence
LogPluginManager: Mounting plugin NetcodeUnitTest
LogPluginManager: Mounting plugin NUTUnrealEngine4
LogPluginManager: Mounting plugin OnlineSubsystemGooglePlay
LogPluginManager: Mounting plugin OnlineSubsystemIOS
LogPluginManager: Mounting plugin OnlineSubsystem
LogPluginManager: Mounting plugin OnlineSubsystemNull
LogPluginManager: Mounting plugin OnlineSubsystemUtils
LogPluginManager: Mounting plugin LauncherChunkInstaller
LogPluginManager: Mounting plugin AndroidDeviceProfileSelector
LogPluginManager: Mounting plugin AndroidMoviePlayer
LogPluginManager: Mounting plugin AndroidPermission
LogPluginManager: Mounting plugin AppleMoviePlayer
LogPluginManager: Mounting plugin ArchVisCharacter
LogPluginManager: Mounting plugin AudioCapture
LogPluginManager: Mounting plugin CableComponent
LogPluginManager: Mounting plugin CustomMeshComponent
LogPluginManager: Mounting plugin EditableMesh
LogPluginManager: Mounting plugin ExampleDeviceProfileSelector
LogPluginManager: Mounting plugin GoogleCloudMessaging
LogPluginManager: Mounting plugin ImmediatePhysics
LogPluginManager: Mounting plugin IOSDeviceProfileSelector
LogPluginManager: Mounting plugin LinuxDeviceProfileSelector
LogPluginManager: Mounting plugin LocationServicesBPLibrary
LogPluginManager: Mounting plugin MobilePatchingUtils
LogPluginManager: Mounting plugin OculusVR
LogPluginManager: Plugin shader directory ../../../Engine/Plugins/Runtime/Oculus/OculusVR/Shaders found
LogPluginManager: Mapping shader source directory ../../../Engine/Plugins/Runtime/Oculus/OculusVR/Shaders to virtual directory /Plugin/OculusVR
LogPluginManager: Mounting plugin PhysXVehicles
LogPluginManager: Mounting plugin ProceduralMeshComponent
LogPluginManager: Mounting plugin RuntimePhysXCooking
LogPluginManager: Mounting plugin SteamVR
LogPluginManager: Mounting plugin WindowsMoviePlayer
LogPluginManager: Mounting plugin DatasmithCADImporter
LogPluginManager: Mounting plugin DatasmithFBXImporter
LogPluginManager: Mounting plugin DatasmithImporter
LogPluginManager: Mounting plugin DatasmithMDLImporter
LogPluginManager: Mounting plugin StaticMeshEditorExtension
LogStreaming: Display: Took  0.094s to configure plugins.
LogInit: Using libcurl 7.55.1-DEV
LogInit:  - built for x86_64-pc-win32
LogInit:  - supports SSL with OpenSSL/1.0.2h
LogInit:  - supports HTTP deflate (compression) using libz 1.2.8
LogInit:  - other features:
LogInit:      CURL_VERSION_SSL
LogInit:      CURL_VERSION_LIBZ
LogInit:      CURL_VERSION_IPV6
LogInit:      CURL_VERSION_ASYNCHDNS
LogInit:      CURL_VERSION_LARGEFILE
LogInit:      CURL_VERSION_IDN
LogInit:  CurlRequestOptions (configurable via config and command line):
LogInit:  - bVerifyPeer = false  - Libcurl will NOT verify peer certificate
LogInit:  - bUseHttpProxy = false  - Libcurl will NOT use HTTP proxy
LogInit:  - bDontReuseConnections = false  - Libcurl will reuse connections
LogInit:  - CertBundlePath = nullptr  - Libcurl will use whatever was configured at build time.
LogInit:  - MaxHostConnections = 16  - Libcurl will limit the number of connections to a host
LogInit:  - LocalHostAddr = Default
LogInit:  - BufferSize = 65536
LogInit: WinSock: version 1.1 (2.2), MaxSocks=32767, MaxUdp=65467
LogHMD: Failed initializing OVRPlugin 1.25.0
LogInit: Build: ++UE4+Release-4.20-CL-4369336
LogInit: Engine Version: 4.20.3-4369336+++UE4+Release-4.20
LogInit: Compatible Engine Version: 4.20.0-4212847+++UE4+Release-4.20
LogInit: Net CL: 4212847
LogInit: OS: Windows 10 (), CPU: Intel(R) Xeon(R) Silver 4110 CPU @ 2.10GHz, GPU: NVIDIA Quadro P4000
LogInit: Compiled (64-bit): Sep 17 2018 12:26:19
LogInit: Compiled with Visual C++: 19.13.26129.00
LogInit: Build Configuration: Development
LogInit: Branch Name: ++UE4+Release-4.20
LogInit: Command Line:  
LogInit: Base Directory: C:/Program Files/Epic Games/UE_4.20/Engine/Binaries/Win64/
LogInit: Installed Engine Build: 1
LogDevObjectVersion: Number of dev versions registered: 20
LogDevObjectVersion:   Dev-Blueprints (B0D832E4-1F89-4F0D-ACCF-7EB736FD4AA2): 10
LogDevObjectVersion:   Dev-Build (E1C64328-A22C-4D53-A36C-8E866417BD8C): 0
LogDevObjectVersion:   Dev-Core (375EC13C-06E4-48FB-B500-84F0262A717E): 2
LogDevObjectVersion:   Dev-Editor (E4B068ED-F494-42E9-A231-DA0B2E46BB41): 24
LogDevObjectVersion:   Dev-Framework (CFFC743F-43B0-4480-9391-14DF171D2073): 34
LogDevObjectVersion:   Dev-Mobile (B02B49B5-BB20-44E9-A304-32B752E40360): 2
LogDevObjectVersion:   Dev-Networking (A4E4105C-59A1-49B5-A7C5-40C4547EDFEE): 0
LogDevObjectVersion:   Dev-Online (39C831C9-5AE6-47DC-9A44-9C173E1C8E7C): 0
LogDevObjectVersion:   Dev-Physics (78F01B33-EBEA-4F98-B9B4-84EACCB95AA2): 0
LogDevObjectVersion:   Dev-Platform (6631380F-2D4D-43E0-8009-CF276956A95A): 0
LogDevObjectVersion:   Dev-Rendering (12F88B9F-8875-4AFC-A67C-D90C383ABD29): 26
LogDevObjectVersion:   Dev-Sequencer (7B5AE74C-D270-4C10-A958-57980B212A5A): 9
LogDevObjectVersion:   Dev-VR (D7296918-1DD6-4BDD-9DE2-64A83CC13884): 2
LogDevObjectVersion:   Dev-LoadTimes (C2A15278-BFE7-4AFE-6C17-90FF531DF755): 1
LogDevObjectVersion:   Private-Geometry (6EACA3D4-40EC-4CC1-B786-8BED09428FC5): 3
LogDevObjectVersion:   Dev-AnimPhys (29E575DD-E0A3-4627-9D10-D276232CDCEA): 17
LogDevObjectVersion:   Dev-ReflectionCapture (6B266CEC-1EC7-4B8F-A30B-E4D90942FC07): 1
LogDevObjectVersion:   Dev-Automation (0DF73D61-A23F-47EA-B727-89E90C41499A): 1
LogDevObjectVersion:   FortniteMain (601D1886-AC64-4F84-AA16-D3DE0DEAC7D6): 12
LogDevObjectVersion:   Dev-Enterprise (9DFFBCD6-494F-0158-E221-12823C92A888): 1
LogStreaming: Display: Took  0.000s to delete old logs.
LogInit: Presizing for max 8388607 objects, including 0 objects not considered by GC, pre-allocating 0 bytes for permanent pool.
LogInit: Object subsystem initialized
[2018.12.03-23.07.14:674][  0]LogInit: Selected Device Profile: [Windows]
[2018.12.03-23.07.14:674][  0]LogInit: Applying CVar settings loaded from the selected device profile: [Windows]
[2018.12.03-23.07.14:690][  0]LogHAL: Display: Platform has ~ 32 GB [33984983040 / 34359738368 / 32], which maps to Largest [LargestMinGB=32, LargerMinGB=12, DefaultMinGB=8, SmallerMinGB=6, SmallestMinGB=0)
[2018.12.03-23.07.14:690][  0]LogInit: Setting Device Profile CVar: [[r.Vulkan.UseRealUBs:1]]
[2018.12.03-23.07.14:690][  0]LogInit: Going up to parent DeviceProfile []
[2018.12.03-23.07.14:691][  0]LogInit: Computer: JTVARPC01
[2018.12.03-23.07.14:691][  0]LogInit: User: 11510763
[2018.12.03-23.07.14:691][  0]LogInit: CPU Page size=4096, Cores=8
[2018.12.03-23.07.14:691][  0]LogInit: High frequency timer resolution =10.000000 MHz
[2018.12.03-23.07.14:691][  0]LogMemory: Memory total: Physical=31.7GB (32GB approx)
[2018.12.03-23.07.14:691][  0]LogMemory: Platform Memory Stats for Windows
[2018.12.03-23.07.14:691][  0]LogMemory: Process Physical Memory: 102.96 MB used, 102.96 MB peak
[2018.12.03-23.07.14:691][  0]LogMemory: Process Virtual Memory: 95.98 MB used, 95.98 MB peak
[2018.12.03-23.07.14:691][  0]LogMemory: Physical Memory: 7365.03 MB used,  25045.58 MB free, 32410.61 MB total
[2018.12.03-23.07.14:691][  0]LogMemory: Virtual Memory: 4689.70 MB used,  25045.58 MB free, 134217728.00 MB total
[2018.12.03-23.07.14:717][  0]LogInit: Overriding language with editor language configuration option (en).
[2018.12.03-23.07.14:717][  0]LogInit: Overriding locale with editor locale configuration option (en).
[2018.12.03-23.07.15:223][  0]LogStreaming: Display: Took  0.506s to InitEngineTextLocalization.
[2018.12.03-23.07.15:223][  0]LogInit: Setting process to per monitor DPI aware
[2018.12.03-23.07.15:272][  0]LogSlate: New Slate User Created.  User Index 0, Is Virtual User: 0
[2018.12.03-23.07.15:272][  0]LogSlate: Slate User Registered.  User Index 0, Is Virtual User: 0
[2018.12.03-23.07.19:142][  0]LogD3D11RHI: D3D11 adapters:
[2018.12.03-23.07.19:223][  0]LogD3D11RHI:    0. 'NVIDIA Quadro P4000' (Feature Level 11_0)
[2018.12.03-23.07.19:223][  0]LogD3D11RHI:       8090/0/16205 MB DedicatedVideo/DedicatedSystem/SharedSystem, Outputs:1, VendorId:0x10de
[2018.12.03-23.07.19:226][  0]LogD3D11RHI:    1. 'Microsoft Basic Render Driver' (Feature Level 11_0)
[2018.12.03-23.07.19:226][  0]LogD3D11RHI:       0/0/16205 MB DedicatedVideo/DedicatedSystem/SharedSystem, Outputs:0, VendorId:0x1414
[2018.12.03-23.07.19:226][  0]LogD3D11RHI: Chosen D3D11 Adapter: 0
[2018.12.03-23.07.19:236][  0]LogD3D11RHI: Creating new Direct3DDevice
[2018.12.03-23.07.19:236][  0]LogD3D11RHI:     GPU DeviceId: 0x1bb1 (for the marketing name, search the web for "GPU Device Id")
[2018.12.03-23.07.19:236][  0]LogWindows: EnumDisplayDevices:
[2018.12.03-23.07.19:237][  0]LogWindows:    0. 'NVIDIA Quadro P4000' (P:1 D:1)
[2018.12.03-23.07.19:237][  0]LogWindows:    1. 'NVIDIA Quadro P4000' (P:0 D:0)
[2018.12.03-23.07.19:238][  0]LogWindows:    2. 'NVIDIA Quadro P4000' (P:0 D:0)
[2018.12.03-23.07.19:238][  0]LogWindows:    3. 'NVIDIA Quadro P4000' (P:0 D:0)
[2018.12.03-23.07.19:238][  0]LogWindows: DebugString: FoundDriverCount:4 
[2018.12.03-23.07.19:238][  0]LogD3D11RHI:     Adapter Name: NVIDIA Quadro P4000
[2018.12.03-23.07.19:238][  0]LogD3D11RHI:   Driver Version: 416.30 (internal:25.21.14.1630, unified:416.30)
[2018.12.03-23.07.19:238][  0]LogD3D11RHI:      Driver Date: 10-9-2018
[2018.12.03-23.07.19:238][  0]LogRHI: Texture pool is 5663 MB (70% of 8090 MB)
[2018.12.03-23.07.19:298][  0]LogD3D11RHI: Async texture creation enabled
[2018.12.03-23.07.19:317][  0]LogD3D11RHI: GPU Timing Frequency: 1000.000000 (Debug: 2 2)
[2018.12.03-23.07.19:319][  0]LogShaderCompilers: Guid format shader working directory is 34 characters bigger than the processId version (D:/FinalMetroVR/Intermediate/Shaders/WorkingDirectory/4576/).
[2018.12.03-23.07.19:319][  0]LogShaderCompilers: Cleaned the shader compiler working directory 'C:/Users/11510763/AppData/Local/Temp/UnrealShaderWorkingDir/76EC88A34A1A6E832110CE86BE4B808B/'.
[2018.12.03-23.07.19:666][  0]LogTemp: Display: Loaded TP AllDesktopTargetPlatform
[2018.12.03-23.07.19:684][  0]LogTemp: Display: Loaded TP MacClientTargetPlatform
[2018.12.03-23.07.19:702][  0]LogTemp: Display: Loaded TP MacNoEditorTargetPlatform
[2018.12.03-23.07.19:719][  0]LogTemp: Display: Loaded TP MacServerTargetPlatform
[2018.12.03-23.07.19:737][  0]LogTemp: Display: Loaded TP MacTargetPlatform
[2018.12.03-23.07.19:755][  0]LogTemp: Display: Loaded TP WindowsClientTargetPlatform
[2018.12.03-23.07.19:773][  0]LogTemp: Display: Loaded TP WindowsNoEditorTargetPlatform
[2018.12.03-23.07.19:790][  0]LogTemp: Display: Loaded TP WindowsServerTargetPlatform
[2018.12.03-23.07.19:799][  0]LogTemp: Display: Loaded TP WindowsTargetPlatform
[2018.12.03-23.07.19:899][  0]LogTemp: Display: Loaded TP AndroidTargetPlatform
[2018.12.03-23.07.19:899][  0]LogTemp: Display: Loaded TP AndroidTargetPlatform
[2018.12.03-23.07.19:899][  0]LogTemp: Display: Loaded TP AndroidTargetPlatform
[2018.12.03-23.07.19:899][  0]LogTemp: Display: Loaded TP AndroidTargetPlatform
[2018.12.03-23.07.19:899][  0]LogTemp: Display: Loaded TP AndroidTargetPlatform
[2018.12.03-23.07.19:899][  0]LogTemp: Display: Loaded TP AndroidTargetPlatform
[2018.12.03-23.07.19:899][  0]LogTemp: Display: Loaded TP AndroidTargetPlatform
[2018.12.03-23.07.19:899][  0]LogTemp: Display: Loaded TP AndroidTargetPlatform
[2018.12.03-23.07.19:899][  0]LogTemp: Display: Loaded TP AndroidTargetPlatform
[2018.12.03-23.07.19:899][  0]LogTemp: Display: Loaded TP AndroidTargetPlatform
[2018.12.03-23.07.19:899][  0]LogTemp: Display: Loaded TP AndroidTargetPlatform
[2018.12.03-23.07.19:899][  0]LogTemp: Display: Loaded TP AndroidTargetPlatform
[2018.12.03-23.07.19:899][  0]LogTemp: Display: Loaded TP AndroidTargetPlatform
[2018.12.03-23.07.19:899][  0]LogTemp: Display: Loaded TP AndroidTargetPlatform
[2018.12.03-23.07.19:899][  0]LogTemp: Display: Loaded TP AndroidTargetPlatform
[2018.12.03-23.07.19:899][  0]LogTemp: Display: Loaded TP AndroidTargetPlatform
[2018.12.03-23.07.19:899][  0]LogTemp: Display: Loaded TP AndroidTargetPlatform
[2018.12.03-23.07.19:899][  0]LogTemp: Display: Loaded TP AndroidTargetPlatform
[2018.12.03-23.07.19:901][  0]LogTemp: Display: Loaded TP HTML5TargetPlatform
[2018.12.03-23.07.19:969][  0]LogTemp: Display: Loaded TP IOSTargetPlatform
[2018.12.03-23.07.19:969][  0]LogTemp: Display: Loaded TP IOSTargetPlatform
[2018.12.03-23.07.20:000][  0]LogTemp: Display: Loaded TP TVOSTargetPlatform
[2018.12.03-23.07.20:000][  0]LogTemp: Display: Loaded TP TVOSTargetPlatform
[2018.12.03-23.07.20:016][  0]LogTemp: Display: Loaded TP LinuxClientTargetPlatform
[2018.12.03-23.07.20:033][  0]LogTemp: Display: Loaded TP LinuxNoEditorTargetPlatform
[2018.12.03-23.07.20:049][  0]LogTemp: Display: Loaded TP LinuxServerTargetPlatform
[2018.12.03-23.07.20:066][  0]LogTemp: Display: Loaded TP LinuxTargetPlatform
[2018.12.03-23.07.20:078][  0]LogTemp: Display: Loaded TP LuminTargetPlatform
[2018.12.03-23.07.20:078][  0]LogTargetPlatformManager: Display: Building Assets For Windows
[2018.12.03-23.07.20:160][  0]LogXGEController: Cleaning working directory: C:/Users/11510763/AppData/Local/Temp/UnrealXGEWorkingDir/
[2018.12.03-23.07.20:160][  0]LogXGEController: Cannot use XGE Controller as Incredibuild is not installed on this machine.
[2018.12.03-23.07.20:160][  0]LogShaderCompilers: Cannot use XGE Shader Compiler as Incredibuild is not installed on this machine.
[2018.12.03-23.07.20:160][  0]LogShaderCompilers: Display: Using Local Shader Compiler.
[2018.12.03-23.07.21:168][  0]LogDerivedDataCache: Display: Max Cache Size: 512 MB
[2018.12.03-23.07.21:249][  0]LogDerivedDataCache: Loaded boot cache 0.08s 78MB C:/Users/11510763/AppData/Local/UnrealEngine/4.20/DerivedDataCache/Boot.ddc.
[2018.12.03-23.07.21:249][  0]LogDerivedDataCache: Display: Loaded Boot cache: C:/Users/11510763/AppData/Local/UnrealEngine/4.20/DerivedDataCache/Boot.ddc
[2018.12.03-23.07.21:249][  0]LogDerivedDataCache: FDerivedDataBackendGraph:  Pak pak cache file D:/FinalMetroVR/DerivedDataCache/DDC.ddp not found, will not use a pak cache.
[2018.12.03-23.07.21:249][  0]LogDerivedDataCache: Unable to find inner node Pak for hierarchical cache Hierarchy.
[2018.12.03-23.07.21:249][  0]LogDerivedDataCache: FDerivedDataBackendGraph:  CompressedPak pak cache file D:/FinalMetroVR/DerivedDataCache/Compressed.ddp not found, will not use a pak cache.
[2018.12.03-23.07.21:249][  0]LogDerivedDataCache: Unable to find inner node CompressedPak for hierarchical cache Hierarchy.
[2018.12.03-23.07.21:267][  0]LogDerivedDataCache: Display: Pak cache opened for reading ../../../Engine/DerivedDataCache/Compressed.ddp.
[2018.12.03-23.07.21:280][  0]LogDerivedDataCache: Using Local data cache path C:/Users/11510763/AppData/Local/UnrealEngine/Common/DerivedDataCache: Writable
[2018.12.03-23.07.21:280][  0]LogDerivedDataCache: Shared data cache path not found in *engine.ini, will not use an Shared cache.
[2018.12.03-23.07.21:280][  0]LogDerivedDataCache: Unable to find inner node Shared for hierarchical cache Hierarchy.
[2018.12.03-23.07.21:307][  0]LogMaterial: Verifying Global Shaders for PCD3D_SM5
[2018.12.03-23.07.21:309][  0]LogSlate: Using FreeType 2.6.0
[2018.12.03-23.07.21:310][  0]LogSlate: SlateFontServices - WITH_FREETYPE: 1, WITH_HARFBUZZ: 1
[2018.12.03-23.07.21:405][  0]LogAssetRegistry: FAssetRegistry took 0.0280 seconds to start up
[2018.12.03-23.07.21:835][  0]LogInit: Selected Device Profile: [Windows]
[2018.12.03-23.07.22:015][  0]LogSimplygon: Simplygon DLL not present - disabling.
[2018.12.03-23.07.22:020][  0]LogMeshReduction: Using SimplygonSwarm for distributed automatic mesh merging
[2018.12.03-23.07.22:020][  0]LogMeshReduction: Using ProxyLODMeshReduction for automatic mesh merging
[2018.12.03-23.07.22:020][  0]LogMeshReduction: Using QuadricMeshReduction for automatic static mesh reduction
[2018.12.03-23.07.22:021][  0]LogMeshReduction: No automatic skeletal mesh reduction module available
[2018.12.03-23.07.22:047][  0]LogNetVersion: FinalMetroVR 1.0.0, NetCL: 4212847, EngineNetVer: 5, GameNetVer: 0 (Checksum: 589362125)
[2018.12.03-23.07.22:626][  0]LogPackageLocalizationCache: Processed 13 localized package path(s) for 1 prioritized culture(s) in 0.062148 seconds
[2018.12.03-23.07.22:635][  0]LogUObjectArray: 38425 objects as part of root set at end of initial load.
[2018.12.03-23.07.22:635][  0]LogUObjectAllocator: 6690864 out of 0 bytes used by permanent object pool.
[2018.12.03-23.07.22:635][  0]LogUObjectArray: CloseDisregardForGC: 0/0 objects in disregard for GC pool
[2018.12.03-23.07.23:717][  0]LogTcpMessaging: Initializing TcpMessaging bridge
[2018.12.03-23.07.23:731][  0]LogUdpMessaging: Initializing bridge on interface 0.0.0.0:0 to multicast group 230.0.0.1:6666.
[2018.12.03-23.07.23:901][  0]SourceControl: Source control is disabled
[2018.12.03-23.07.23:902][  0]SourceControl: Source control is disabled
[2018.12.03-23.07.23:904][  0]SourceControl: Source control is disabled
[2018.12.03-23.07.23:905][  0]SourceControl: Source control is disabled
[2018.12.03-23.07.24:095][  0]LogAndroidPermission: UAndroidPermissionCallbackProxy::GetInstance
[2018.12.03-23.07.24:210][  0]LogOcInput: OculusInput pre-init called
[2018.12.03-23.07.26:683][  0]LogEngine: Initializing Engine...
[2018.12.03-23.07.26:775][  0]LogHMD: SteamVR initialized.  Driver: lighthouse  Display: LHR-896957F3
[2018.12.03-23.07.26:777][  0]LogStats: UGameplayTagsManager::ConstructGameplayTagTree: ImportINI prefixes -  0.000 s
[2018.12.03-23.07.26:777][  0]LogStats: UGameplayTagsManager::ConstructGameplayTagTree: Construct from data asset -  0.000 s
[2018.12.03-23.07.26:777][  0]LogStats: UGameplayTagsManager::ConstructGameplayTagTree: ImportINI -  0.000 s
[2018.12.03-23.07.26:777][  0]LogStats: UGameplayTagsManager::ConstructGameplayTagTree: GameplayTagTreeChangedEvent.Broadcast -  0.000 s
[2018.12.03-23.07.27:064][  0]LogInit: Initializing FReadOnlyCVARCache
[2018.12.03-23.07.27:081][  0]LogAIModule: Creating AISystem for world Untitled
[2018.12.03-23.07.27:113][  0]LogInit: XAudio2 using 'VIVE Pro (NVIDIA High Definition Audio)' : 2 channels at 48 kHz using 16 bits per sample (channel mask 0x3)
[2018.12.03-23.07.27:134][  0]LogInit: FAudioDevice initialized.
[2018.12.03-23.07.27:134][  0]LogNetVersion: Set ProjectVersion to 1.0.0.0. Version Checksum will be recalculated on next use.
[2018.12.03-23.07.27:234][  0]LogDerivedDataCache: Saved boot cache 0.10s 88MB C:/Users/11510763/AppData/Local/UnrealEngine/4.20/DerivedDataCache/Boot.ddc.
[2018.12.03-23.07.27:267][  0]LogInit: Texture streaming: Enabled
[2018.12.03-23.07.27:292][  0]LogEngineSessionManager: EngineSessionManager initialized
[2018.12.03-23.07.27:313][  0]LogInit: Transaction tracking system initialized
[2018.12.03-23.07.27:344][  0]BlueprintLog: New page: Editor Load
[2018.12.03-23.07.27:439][  0]LocalizationService: Localization service is disabled
[2018.12.03-23.07.27:749][  0]LogCook: Display: Max memory allowance for cook 16384mb min free memory 0mb
[2018.12.03-23.07.27:749][  0]LogCook: Display: Mobile HDR setting 1
[2018.12.03-23.07.27:749][  0]LogGameplayTags: Display: UGameplayTagsManager::DoneAddingNativeTags. DelegateIsBound: 0
[2018.12.03-23.07.27:749][  0]LogStats: UGameplayTagsManager::ConstructGameplayTagTree: ImportINI prefixes -  0.000 s
[2018.12.03-23.07.27:749][  0]LogStats: UGameplayTagsManager::ConstructGameplayTagTree: Construct from data asset -  0.000 s
[2018.12.03-23.07.27:749][  0]LogStats: UGameplayTagsManager::ConstructGameplayTagTree: ImportINI -  0.000 s
[2018.12.03-23.07.27:749][  0]LogStats: UGameplayTagsManager::ConstructGameplayTagTree: GameplayTagTreeChangedEvent.Broadcast -  0.000 s
[2018.12.03-23.07.27:758][  0]LogFileCache: Scanning file cache for directory 'D:/FinalMetroVR/Content/' took 0.02s
[2018.12.03-23.07.29:410][  0]SourceControl: Source control is disabled
[2018.12.03-23.07.29:410][  0]Cmd: MAP LOAD FILE="D:/FinalMetroVR/Content/VirtualRealityBP/Maps/StartupMap.umap" TEMPLATE=0 SHOWPROGRESS=1 FEATURELEVEL=3
[2018.12.03-23.07.29:411][  0]LightingResults: New page: Lighting Build
[2018.12.03-23.07.29:414][  0]MapCheck: New page: Map Check
[2018.12.03-23.07.29:414][  0]LightingResults: New page: Lighting Build
[2018.12.03-23.07.29:582][  0]LogAIModule: Creating AISystem for world StartupMap
[2018.12.03-23.07.29:591][  0]LogEditorServer: Finished looking for orphan Actors (0.000 secs)
[2018.12.03-23.07.29:642][  0]Cmd: MAP CHECKDEP NOCLEARLOG
[2018.12.03-23.07.29:739][  0]MapCheck: Map check complete: 0 Error(s), 0 Warning(s), took 97.136ms to complete.
[2018.12.03-23.07.29:739][  0]LogFileHelpers: Loading map 'StartupMap' took 0.328
[2018.12.03-23.07.29:862][  0]LogSlate: Updating window title bar state: overlay mode, drag disabled, window buttons hidden, title bar hidden
[2018.12.03-23.07.29:872][  0]LogSlate: Updating window title bar state: overlay mode, drag disabled, window buttons hidden, title bar hidden
[2018.12.03-23.07.29:882][  0]LogSlate: Updating window title bar state: overlay mode, drag disabled, window buttons hidden, title bar hidden
[2018.12.03-23.07.29:892][  0]LogSlate: Updating window title bar state: overlay mode, drag disabled, window buttons hidden, title bar hidden
[2018.12.03-23.07.29:900][  0]LogCollectionManager: Loaded 0 collections in 0.002173 seconds
[2018.12.03-23.07.29:945][  0]LogFileCache: Scanning file cache for directory 'D:/FinalMetroVR/Saved/Collections/' took 0.01s
[2018.12.03-23.07.29:945][  0]LogFileCache: Scanning file cache for directory 'D:/FinalMetroVR/Content/Developers/11510763/Collections/' took 0.01s
[2018.12.03-23.07.29:945][  0]LogFileCache: Scanning file cache for directory 'D:/FinalMetroVR/Content/Collections/' took 0.01s
[2018.12.03-23.07.29:945][  0]LogCollectionManager: Rebuilt the GUID cache for 0 collections in 0.000001 seconds
[2018.12.03-23.07.29:959][  0]LogContentBrowser: Native class hierarchy populated in 0.0131 seconds. Added 2621 classes and 629 folders.
[2018.12.03-23.07.29:967][  0]LogContentBrowser: Native class hierarchy updated for 'WidgetCarousel' in 0.0003 seconds. Added 0 classes and 0 folders.
[2018.12.03-23.07.30:022][  0]LogContentBrowser: Native class hierarchy updated for 'AddContentDialog' in 0.0003 seconds. Added 0 classes and 0 folders.
[2018.12.03-23.07.30:029][  0]LogContentBrowser: Native class hierarchy updated for 'SceneOutliner' in 0.0004 seconds. Added 1 classes and 2 folders.
[2018.12.03-23.07.30:048][  0]LogSlate: Took 0.000366 seconds to synchronously load lazily loaded font '../../../Engine/Content/Slate/Fonts/Roboto-Regular.ttf' (155K)
[2018.12.03-23.07.30:052][  0]LogSlate: Took 0.000384 seconds to synchronously load lazily loaded font '../../../Engine/Content/Slate/Fonts/Roboto-Bold.ttf' (160K)
[2018.12.03-23.07.30:059][  0]LogSlate: Took 0.000300 seconds to synchronously load lazily loaded font '../../../Engine/Content/Editor/Slate/Fonts/FontAwesome.ttf' (139K)
[2018.12.03-23.07.30:162][  0]LogRenderer: Reallocating scene render targets to support 960x456 Format 26 NumSamples 1 (Frame:1).
[2018.12.03-23.07.30:292][  0]LogContentBrowser: Native class hierarchy updated for 'HierarchicalLODOutliner' in 0.0003 seconds. Added 0 classes and 0 folders.
[2018.12.03-23.07.30:292][  0]LogLoad: (Engine Initialization) Total time: 18.50 seconds
[2018.12.03-23.07.30:292][  0]LogLoad: (Engine Initialization) Total Blueprint compile time: 0.00 seconds
[2018.12.03-23.07.30:303][  0]LogWindowsTextInputMethodSystem: Display: IME system now deactivated.
[2018.12.03-23.07.30:331][  0]LogContentStreaming: Texture pool size now 1000 MB
[2018.12.03-23.07.30:352][  0]LogSlate: Took 0.000258 seconds to synchronously load lazily loaded font '../../../Engine/Content/Slate/Fonts/Roboto-Light.ttf' (167K)
[2018.12.03-23.07.30:418][  2]LogAssetRegistry: Asset discovery search completed in 9.0351 seconds
[2018.12.03-23.07.30:420][  2]LogCollectionManager: Rebuilt the object cache for 0 collections in 0.000000 seconds (found 0 objects)
[2018.12.03-23.07.30:420][  2]LogCollectionManager: Fixed up redirectors for 0 collections in 0.000082 seconds (updated 0 objects)
[2018.12.03-23.07.38:385][951]LogSlate: FSceneViewport::OnFocusLost() reason 0
[2018.12.03-23.07.38:573][973]LogSlate: Took 0.000273 seconds to synchronously load lazily loaded font '../../../Engine/Content/Slate/Fonts/Roboto-Light.ttf' (167K)
[2018.12.03-23.07.39:734][973]LogBlueprint: Warning: [Compiler SevarogPlayerCharacter] InputAction Event references unknown Action 'Jump' for  InputAction Jump
[2018.12.03-23.07.39:734][973]LogBlueprint: Warning: [Compiler SevarogPlayerCharacter] Input Axis Event references unknown Axis 'LookUp' for  InputAxis LookUp
[2018.12.03-23.07.39:734][973]LogBlueprint: Warning: [Compiler SevarogPlayerCharacter] InputAction Event references unknown Action 'ResetVR' for  InputAction ResetVR
[2018.12.03-23.07.39:735][973]LogBlueprint: Warning: [Compiler SevarogPlayerCharacter] Input Axis Event references unknown Axis 'LookUpRate' for  InputAxis LookUpRate
[2018.12.03-23.07.39:735][973]LogBlueprint: Warning: [Compiler SevarogPlayerCharacter] Input Axis Event references unknown Axis 'TurnRate' for  InputAxis TurnRate
[2018.12.03-23.07.39:735][973]LogBlueprint: Warning: [Compiler SevarogPlayerCharacter] Input Axis Event references unknown Axis 'Turn' for  InputAxis Turn
[2018.12.03-23.07.39:735][973]LogBlueprint: Warning: [Compiler SevarogPlayerCharacter] Input Axis Event references unknown Axis 'MoveRight' for  InputAxis MoveRight
[2018.12.03-23.07.39:735][973]LogBlueprint: Warning: [Compiler SevarogPlayerCharacter] Input Axis Event references unknown Axis 'MoveForward' for  InputAxis MoveForward
[2018.12.03-23.07.39:750][973]LogBlueprint: Warning: [Compiler SevarogPlayerCharacter] [0027.95] Compile of SevarogPlayerCharacter successful, but with 8 Warning(s) [in 60 ms] (/Game/ParagonSevarog/Characters/Heroes/Sevarog/SevarogPlayerCharacter.SevarogPlayerCharacter)
[2018.12.03-23.07.40:595][973]LogPackageName: Warning: String asset reference "FX_Meshes.UI.SM_SelectionMesh_01" is in short form, which is unsupported and -- even if valid -- resolving it will be really slow.
[2018.12.03-23.07.40:595][973]LogPackageName: Warning: Please consider resaving package in order to speed-up loading.
[2018.12.03-23.07.40:712][973]LogPackageName: SearchForPackageOnDisk took   0.117s, but failed to resolve FX_Meshes.
[2018.12.03-23.07.40:712][973]LogPackageName: Warning: String asset reference "FX_Meshes.UI.SM_SelectionMesh_01" could not be resolved.
[2018.12.03-23.07.41:996][973]LogAIModule: Creating AISystem for world Fase_VR_Terror-Mapa_corrigido
[2018.12.03-23.07.42:107][973]LogAssetEditorManager: Opening Asset editor for World /Game/Maps/Fase_VR_Terror-Mapa_corrigido.Fase_VR_Terror-Mapa_corrigido
[2018.12.03-23.07.42:169][973]Cmd: MAP LOAD FILE="D:/FinalMetroVR/Content/Maps/Fase_VR_Terror-Mapa_corrigido.umap" TEMPLATE=0 SHOWPROGRESS=1 FEATURELEVEL=3
[2018.12.03-23.07.42:169][973]LightingResults: New page: Lighting Build
[2018.12.03-23.07.42:169][973]LoadErrors: New page: Loading map: Fase_VR_Terror-Mapa_corrigido.umap
[2018.12.03-23.07.42:171][973]MapCheck: New page: Map Check
[2018.12.03-23.07.42:171][973]LightingResults: New page: Lighting Build
[2018.12.03-23.07.42:227][973]LogPhysics: Warning: PopulatePhysXGeometryAndTransform(Convex): ConvexElem has invalid transform
[2018.12.03-23.07.42:227][973]LogPhysics: Warning: ForeachShape(Convex): [/Game/StarterContent/Shapes/Shape_Pipe.Shape_Pipe] ScaledElem[0] invalid
[2018.12.03-23.07.42:227][973]LogPhysics: Warning: ForeachShape(Trimesh): [/Game/StarterContent/Shapes/Shape_Pipe.Shape_Pipe] ScaledElem[0] invalid
[2018.12.03-23.07.42:227][973]LogPhysics: Warning: PopulatePhysXGeometryAndTransform(Convex): ConvexElem has invalid transform
[2018.12.03-23.07.42:227][973]LogPhysics: Warning: ForeachShape(Convex): [/Game/StarterContent/Shapes/Shape_Pipe.Shape_Pipe] ScaledElem[0] invalid
[2018.12.03-23.07.42:227][973]LogPhysics: Warning: ForeachShape(Trimesh): [/Game/StarterContent/Shapes/Shape_Pipe.Shape_Pipe] ScaledElem[0] invalid
[2018.12.03-23.07.42:358][973]LogEditorServer: Finished looking for orphan Actors (0.000 secs)
[2018.12.03-23.07.42:444][973]Cmd: MAP CHECKDEP NOCLEARLOG
[2018.12.03-23.07.42:639][973]MapCheck: Map check complete: 0 Error(s), 0 Warning(s), took 194.329ms to complete.
[2018.12.03-23.07.42:640][973]LogFileHelpers: Loading map 'Fase_VR_Terror-Mapa_corrigido' took 0.473
[2018.12.03-23.08.10:703][666]LogTemp: Repeating last play command: VR Preview
[2018.12.03-23.08.10:723][666]LogBlueprintUserMessages: Early PlayInEditor Detection: Level '/Game/Maps/Fase_VR_Terror-Mapa_corrigido.Fase_VR_Terror-Mapa_corrigido:PersistentLevel' has LevelScriptBlueprint '/Game/Maps/Fase_VR_Terror-Mapa_corrigido.Fase_VR_Terror-Mapa_corrigido:PersistentLevel.Fase_VR_Terror-Mapa_corrigido' with GeneratedClass '/Game/Maps/Fase_VR_Terror-Mapa_corrigido.Fase_VR_Terror-Mapa_corrigido_C' with ClassGeneratedBy '/Game/Maps/Fase_VR_Terror-Mapa_corrigido.Fase_VR_Terror-Mapa_corrigido:PersistentLevel.Fase_VR_Terror-Mapa_corrigido'
[2018.12.03-23.08.10:723][666]LogPlayLevel: PlayLevel: No blueprints needed recompiling
[2018.12.03-23.08.10:737][666]PIE: New page: PIE session: Fase_VR_Terror-Mapa_corrigido (Dec 3, 2018, 7:08:10 PM)
[2018.12.03-23.08.10:737][666]LogPlayLevel: Creating play world package: /Game/Maps/UEDPIE_0_Fase_VR_Terror-Mapa_corrigido
[2018.12.03-23.08.10:804][666]LogPlayLevel: PIE: StaticDuplicateObject took: (0.066484s)
[2018.12.03-23.08.10:805][666]LogAIModule: Creating AISystem for world Fase_VR_Terror-Mapa_corrigido
[2018.12.03-23.08.10:806][666]LogPlayLevel: PIE: World Init took: (0.001195s)
[2018.12.03-23.08.10:806][666]LogPlayLevel: PIE: Created PIE world by copying editor world from /Game/Maps/Fase_VR_Terror-Mapa_corrigido.Fase_VR_Terror-Mapa_corrigido to /Game/Maps/UEDPIE_0_Fase_VR_Terror-Mapa_corrigido.Fase_VR_Terror-Mapa_corrigido (0.068028s)
[2018.12.03-23.08.10:880][666]LogInit: XAudio2 using 'VIVE Pro (NVIDIA High Definition Audio)' : 2 channels at 48 kHz using 16 bits per sample (channel mask 0x3)
[2018.12.03-23.08.10:895][666]LogInit: FAudioDevice initialized.
[2018.12.03-23.08.10:907][666]LogSlate: Updating window title bar state: overlay mode, drag disabled, window buttons hidden, title bar hidden
[2018.12.03-23.08.11:000][666]LogUObjectGlobals: Warning: Failed to find object 'Class None.'
[2018.12.03-23.08.11:000][666]LogLoad: Game class is 'GameModeBase'
[2018.12.03-23.08.11:006][666]LogPhysics: Warning: PopulatePhysXGeometryAndTransform(Convex): ConvexElem has invalid transform
[2018.12.03-23.08.11:007][666]LogPhysics: Warning: ForeachShape(Convex): [/Game/StarterContent/Shapes/Shape_Pipe.Shape_Pipe] ScaledElem[0] invalid
[2018.12.03-23.08.11:007][666]LogPhysics: Warning: ForeachShape(Trimesh): [/Game/StarterContent/Shapes/Shape_Pipe.Shape_Pipe] ScaledElem[0] invalid
[2018.12.03-23.08.11:007][666]LogPhysics: Warning: PopulatePhysXGeometryAndTransform(Convex): ConvexElem has invalid transform
[2018.12.03-23.08.11:007][666]LogPhysics: Warning: ForeachShape(Convex): [/Game/StarterContent/Shapes/Shape_Pipe.Shape_Pipe] ScaledElem[0] invalid
[2018.12.03-23.08.11:007][666]LogPhysics: Warning: ForeachShape(Trimesh): [/Game/StarterContent/Shapes/Shape_Pipe.Shape_Pipe] ScaledElem[0] invalid
[2018.12.03-23.08.11:023][666]LogWorld: Bringing World /Game/Maps/UEDPIE_0_Fase_VR_Terror-Mapa_corrigido.Fase_VR_Terror-Mapa_corrigido up for play (max tick rate 0) at 2018.12.03-21.08.11
[2018.12.03-23.08.11:026][666]LogWorld: Bringing up level for play took: 0.024269
[2018.12.03-23.08.11:045][666]LogContentBrowser: Native class hierarchy updated for 'MovieSceneCapture' in 0.0004 seconds. Added 10 classes and 0 folders.
[2018.12.03-23.08.11:054][666]PIE: Play in editor start time for /Game/Maps/UEDPIE_0_Fase_VR_Terror-Mapa_corrigido 0.02
[2018.12.03-23.08.11:054][666]LogBlueprintUserMessages: Late PlayInEditor Detection: Level '/Game/Maps/Fase_VR_Terror-Mapa_corrigido.Fase_VR_Terror-Mapa_corrigido:PersistentLevel' has LevelScriptBlueprint '/Game/Maps/Fase_VR_Terror-Mapa_corrigido.Fase_VR_Terror-Mapa_corrigido:PersistentLevel.Fase_VR_Terror-Mapa_corrigido' with GeneratedClass '/Game/Maps/Fase_VR_Terror-Mapa_corrigido.Fase_VR_Terror-Mapa_corrigido_C' with ClassGeneratedBy '/Game/Maps/Fase_VR_Terror-Mapa_corrigido.Fase_VR_Terror-Mapa_corrigido:PersistentLevel.Fase_VR_Terror-Mapa_corrigido'
[2018.12.03-23.08.11:109][667]LogRenderer: Reallocating scene render targets to support 3072x1708 Format 26 NumSamples 1 (Frame:1).
[2018.12.03-23.08.13:145][776]LogParticles: Warning: Particle Notify: Particle system is null for particle notify 'PlayParticleEffect' in anim: '/Game/ParagonSevarog/Characters/Heroes/Sevarog/Animations/LevelStart_Montage.LevelStart_Montage'
[2018.12.03-23.08.17:457][970]LogBlueprintUserMessages: Early EndPlayMap Detection: Level '/Game/Maps/Fase_VR_Terror-Mapa_corrigido.Fase_VR_Terror-Mapa_corrigido:PersistentLevel' has LevelScriptBlueprint '/Game/Maps/Fase_VR_Terror-Mapa_corrigido.Fase_VR_Terror-Mapa_corrigido:PersistentLevel.Fase_VR_Terror-Mapa_corrigido' with GeneratedClass '/Game/Maps/Fase_VR_Terror-Mapa_corrigido.Fase_VR_Terror-Mapa_corrigido_C' with ClassGeneratedBy '/Game/Maps/Fase_VR_Terror-Mapa_corrigido.Fase_VR_Terror-Mapa_corrigido:PersistentLevel.Fase_VR_Terror-Mapa_corrigido'
[2018.12.03-23.08.17:559][970]LogSlate: Updating window title bar state: overlay mode, drag disabled, window buttons hidden, title bar hidden
[2018.12.03-23.08.17:599][970]LogSlate: Window 'FinalMetroVR Game Preview Standalone (64-bit/PCD3D_SM5)' being destroyed
[2018.12.03-23.08.17:644][970]LogPlayLevel: Display: Shutting down PIE online subsystems
[2018.12.03-23.08.17:644][970]LogBlueprintUserMessages: Late EndPlayMap Detection: Level '/Game/Maps/Fase_VR_Terror-Mapa_corrigido.Fase_VR_Terror-Mapa_corrigido:PersistentLevel' has LevelScriptBlueprint '/Game/Maps/Fase_VR_Terror-Mapa_corrigido.Fase_VR_Terror-Mapa_corrigido:PersistentLevel.Fase_VR_Terror-Mapa_corrigido' with GeneratedClass '/Game/Maps/Fase_VR_Terror-Mapa_corrigido.Fase_VR_Terror-Mapa_corrigido_C' with ClassGeneratedBy '/Game/Maps/Fase_VR_Terror-Mapa_corrigido.Fase_VR_Terror-Mapa_corrigido:PersistentLevel.Fase_VR_Terror-Mapa_corrigido'
[2018.12.03-23.08.17:730][971]LogPlayLevel: Display: Destroying online subsystem :Context_1
[2018.12.03-23.08.21:082][331]MapCheck: New page: Map Check
[2018.12.03-23.08.21:633][331]Cmd: MAP CHECK DONTDISPLAYDIALOG
[2018.12.03-23.08.21:633][331]MapCheck: New page: Fase_VR_Terror-Mapa_corrigido - Dec 3, 2018, 7:08:21 PM
[2018.12.03-23.08.21:833][331]MapCheck: Map check complete: 0 Error(s), 0 Warning(s), took 199.248ms to complete.
[2018.12.03-23.08.21:857][331]LogEditorBuildUtils: Build time 0:00
[2018.12.03-23.08.24:413][553]LogTemp: Repeating last play command: VR Preview
[2018.12.03-23.08.24:433][553]LogBlueprintUserMessages: Early PlayInEditor Detection: Level '/Game/Maps/Fase_VR_Terror-Mapa_corrigido.Fase_VR_Terror-Mapa_corrigido:PersistentLevel' has LevelScriptBlueprint '/Game/Maps/Fase_VR_Terror-Mapa_corrigido.Fase_VR_Terror-Mapa_corrigido:PersistentLevel.Fase_VR_Terror-Mapa_corrigido' with GeneratedClass '/Game/Maps/Fase_VR_Terror-Mapa_corrigido.Fase_VR_Terror-Mapa_corrigido_C' with ClassGeneratedBy '/Game/Maps/Fase_VR_Terror-Mapa_corrigido.Fase_VR_Terror-Mapa_corrigido:PersistentLevel.Fase_VR_Terror-Mapa_corrigido'
[2018.12.03-23.08.24:433][553]LogPlayLevel: PlayLevel: No blueprints needed recompiling
[2018.12.03-23.08.24:434][553]PIE: New page: PIE session: Fase_VR_Terror-Mapa_corrigido (Dec 3, 2018, 7:08:24 PM)
[2018.12.03-23.08.24:434][553]LogPlayLevel: Creating play world package: /Game/Maps/UEDPIE_0_Fase_VR_Terror-Mapa_corrigido
[2018.12.03-23.08.24:496][553]LogPlayLevel: PIE: StaticDuplicateObject took: (0.062747s)
[2018.12.03-23.08.24:497][553]LogAIModule: Creating AISystem for world Fase_VR_Terror-Mapa_corrigido
[2018.12.03-23.08.24:497][553]LogPlayLevel: PIE: World Init took: (0.001002s)
[2018.12.03-23.08.24:498][553]LogPlayLevel: PIE: Created PIE world by copying editor world from /Game/Maps/Fase_VR_Terror-Mapa_corrigido.Fase_VR_Terror-Mapa_corrigido to /Game/Maps/UEDPIE_0_Fase_VR_Terror-Mapa_corrigido.Fase_VR_Terror-Mapa_corrigido (0.063985s)
[2018.12.03-23.08.24:573][553]LogInit: XAudio2 using 'VIVE Pro (NVIDIA High Definition Audio)' : 2 channels at 48 kHz using 16 bits per sample (channel mask 0x3)
[2018.12.03-23.08.24:589][553]LogInit: FAudioDevice initialized.
[2018.12.03-23.08.24:602][553]LogSlate: Updating window title bar state: overlay mode, drag disabled, window buttons hidden, title bar hidden
[2018.12.03-23.08.24:685][553]LogUObjectGlobals: Warning: Failed to find object 'Class None.'
[2018.12.03-23.08.24:685][553]LogLoad: Game class is 'GameModeBase'
[2018.12.03-23.08.24:690][553]LogPhysics: Warning: PopulatePhysXGeometryAndTransform(Convex): ConvexElem has invalid transform
[2018.12.03-23.08.24:690][553]LogPhysics: Warning: ForeachShape(Convex): [/Game/StarterContent/Shapes/Shape_Pipe.Shape_Pipe] ScaledElem[0] invalid
[2018.12.03-23.08.24:690][553]LogPhysics: Warning: ForeachShape(Trimesh): [/Game/StarterContent/Shapes/Shape_Pipe.Shape_Pipe] ScaledElem[0] invalid
[2018.12.03-23.08.24:690][553]LogPhysics: Warning: PopulatePhysXGeometryAndTransform(Convex): ConvexElem has invalid transform
[2018.12.03-23.08.24:690][553]LogPhysics: Warning: ForeachShape(Convex): [/Game/StarterContent/Shapes/Shape_Pipe.Shape_Pipe] ScaledElem[0] invalid
[2018.12.03-23.08.24:690][553]LogPhysics: Warning: ForeachShape(Trimesh): [/Game/StarterContent/Shapes/Shape_Pipe.Shape_Pipe] ScaledElem[0] invalid
[2018.12.03-23.08.24:706][553]LogWorld: Bringing World /Game/Maps/UEDPIE_0_Fase_VR_Terror-Mapa_corrigido.Fase_VR_Terror-Mapa_corrigido up for play (max tick rate 0) at 2018.12.03-21.08.24
[2018.12.03-23.08.24:709][553]LogWorld: Bringing up level for play took: 0.023289
[2018.12.03-23.08.24:729][553]PIE: Play in editor start time for /Game/Maps/UEDPIE_0_Fase_VR_Terror-Mapa_corrigido -0.304
[2018.12.03-23.08.24:730][553]LogBlueprintUserMessages: Late PlayInEditor Detection: Level '/Game/Maps/Fase_VR_Terror-Mapa_corrigido.Fase_VR_Terror-Mapa_corrigido:PersistentLevel' has LevelScriptBlueprint '/Game/Maps/Fase_VR_Terror-Mapa_corrigido.Fase_VR_Terror-Mapa_corrigido:PersistentLevel.Fase_VR_Terror-Mapa_corrigido' with GeneratedClass '/Game/Maps/Fase_VR_Terror-Mapa_corrigido.Fase_VR_Terror-Mapa_corrigido_C' with ClassGeneratedBy '/Game/Maps/Fase_VR_Terror-Mapa_corrigido.Fase_VR_Terror-Mapa_corrigido:PersistentLevel.Fase_VR_Terror-Mapa_corrigido'
[2018.12.03-23.08.26:774][666]LogParticles: Warning: Particle Notify: Particle system is null for particle notify 'PlayParticleEffect' in anim: '/Game/ParagonSevarog/Characters/Heroes/Sevarog/Animations/LevelStart_Montage.LevelStart_Montage'
[2018.12.03-23.08.30:381][843]LogHttp: Warning: 000002098C7F5580: request failed, libcurl error: 6 (Couldn't resolve host name)
[2018.12.03-23.08.30:381][843]LogHttp: Warning: 000002098C7F5580: libcurl info message cache 0 (Could not resolve host: datarouter.ol.epicgames.com)
[2018.12.03-23.08.30:381][843]LogHttp: Warning: 000002098C7F5580: libcurl info message cache 1 (Closing connection 0)
[2018.12.03-23.08.49:084][ 79]LogBlueprintUserMessages: [Key_2] chave coletada
[2018.12.03-23.10.30:460][387]LogHttp: Warning: 00000209FCA216C0: request failed, libcurl error: 6 (Couldn't resolve host name)
[2018.12.03-23.10.30:460][387]LogHttp: Warning: 00000209FCA216C0: libcurl info message cache 0 (Could not resolve host: datarouter.ol.epicgames.com)
[2018.12.03-23.10.30:460][387]LogHttp: Warning: 00000209FCA216C0: libcurl info message cache 1 (Closing connection 1)
[2018.12.03-23.10.43:323][267]LogSlate: Updating window title bar state: overlay mode, drag disabled, window buttons hidden, title bar hidden
[2018.12.03-23.10.43:323][267]LogBlueprintUserMessages: Early EndPlayMap Detection: Level '/Game/Maps/Fase_VR_Terror-Mapa_corrigido.Fase_VR_Terror-Mapa_corrigido:PersistentLevel' has LevelScriptBlueprint '/Game/Maps/Fase_VR_Terror-Mapa_corrigido.Fase_VR_Terror-Mapa_corrigido:PersistentLevel.Fase_VR_Terror-Mapa_corrigido' with GeneratedClass '/Game/Maps/Fase_VR_Terror-Mapa_corrigido.Fase_VR_Terror-Mapa_corrigido_C' with ClassGeneratedBy '/Game/Maps/Fase_VR_Terror-Mapa_corrigido.Fase_VR_Terror-Mapa_corrigido:PersistentLevel.Fase_VR_Terror-Mapa_corrigido'
[2018.12.03-23.10.43:449][267]LogSlate: Window 'FinalMetroVR Game Preview Standalone (64-bit/PCD3D_SM5)' being destroyed
[2018.12.03-23.10.43:490][267]LogPlayLevel: Display: Shutting down PIE online subsystems
[2018.12.03-23.10.43:490][267]LogBlueprintUserMessages: Late EndPlayMap Detection: Level '/Game/Maps/Fase_VR_Terror-Mapa_corrigido.Fase_VR_Terror-Mapa_corrigido:PersistentLevel' has LevelScriptBlueprint '/Game/Maps/Fase_VR_Terror-Mapa_corrigido.Fase_VR_Terror-Mapa_corrigido:PersistentLevel.Fase_VR_Terror-Mapa_corrigido' with GeneratedClass '/Game/Maps/Fase_VR_Terror-Mapa_corrigido.Fase_VR_Terror-Mapa_corrigido_C' with ClassGeneratedBy '/Game/Maps/Fase_VR_Terror-Mapa_corrigido.Fase_VR_Terror-Mapa_corrigido:PersistentLevel.Fase_VR_Terror-Mapa_corrigido'
[2018.12.03-23.10.43:604][268]LogPlayLevel: Display: Destroying online subsystem :Context_2
[2018.12.03-23.11.35:306][291]LogAssetEditorManager: Opening Asset editor for Blueprint /Game/StarterContent/Blueprints/Blueprint_CeilingLight.Blueprint_CeilingLight
[2018.12.03-23.11.35:885][291]LogContentBrowser: Native class hierarchy updated for 'BlueprintGraph' in 0.0010 seconds. Added 116 classes and 0 folders.
[2018.12.03-23.11.36:811][291]LogMaterial: Display: Missing cached shader map for material GridMaterial, compiling. 
[2018.12.03-23.11.36:889][291]LogShaderCompilers: Display: Shaders left to compile 22
[2018.12.03-23.11.36:889][291]LogShaderCompilers: Display: Shaders left to compile 12
[2018.12.03-23.11.36:889][291]LogShaderCompilers: Display: Shaders left to compile 2
[2018.12.03-23.11.36:889][291]LogMaterial: Display: Missing cached shader map for material PersonaFloorMat, compiling. 
[2018.12.03-23.11.36:944][291]LogShaderCompilers: Display: Shaders left to compile 31
[2018.12.03-23.11.36:944][291]LogShaderCompilers: Display: Shaders left to compile 21
[2018.12.03-23.11.36:944][291]LogShaderCompilers: Display: Shaders left to compile 11
[2018.12.03-23.11.36:944][291]LogShaderCompilers: Display: Shaders left to compile 1
[2018.12.03-23.11.37:042][291]LogSlate: Took 0.000262 seconds to synchronously load lazily loaded font '../../../Engine/Content/Slate/Fonts/Roboto-BoldCondensed.ttf' (158K)
[2018.12.03-23.11.37:117][292]LogSlate: Took 0.000281 seconds to synchronously load lazily loaded font '../../../Engine/Content/Slate/Fonts/Roboto-Italic.ttf' (157K)
[2018.12.03-23.11.40:240][459]LogSlate: Window 'Blueprint_CeilingLight' being destroyed
[2018.12.03-23.11.56:020][127]LogAssetEditorManager: Opening Asset editor for Blueprint /Game/Blue/Door.Door
[2018.12.03-23.12.30:507][ 79]LogHttp: Warning: 0000020A30C36FC0: request failed, libcurl error: 6 (Couldn't resolve host name)
[2018.12.03-23.12.30:507][ 79]LogHttp: Warning: 0000020A30C36FC0: libcurl info message cache 0 (Could not resolve host: datarouter.ol.epicgames.com)
[2018.12.03-23.12.30:507][ 79]LogHttp: Warning: 0000020A30C36FC0: libcurl info message cache 1 (Closing connection 2)
[2018.12.03-23.12.58:592][272]BlueprintLog: New page: Compile Door
[2018.12.03-23.13.02:225][622]Cmd: OBJ SAVEPACKAGE PACKAGE="/Game/Blue/Door" FILE="D:/FinalMetroVR/Content/Blue/Door.uasset" SILENT=true
[2018.12.03-23.13.02:290][622]LogSavePackage: Moving 'D:/FinalMetroVR/Saved/Door3B88E88A4A5124C0A66E468B191EEE81.tmp' to 'D:/FinalMetroVR/Content/Blue/Door.uasset'
[2018.12.03-23.13.14:098][789]LogAssetEditorManager: Opening Asset editor for Blueprint /Game/Blue/Metro.Metro
[2018.12.03-23.13.58:743][702]BlueprintLog: New page: Compile Metro
[2018.12.03-23.14.08:432][607]BlueprintLog: New page: Compile Metro
[2018.12.03-23.14.11:371][838]Cmd: OBJ SAVEPACKAGE PACKAGE="/Game/Blue/Metro" FILE="D:/FinalMetroVR/Content/Blue/Metro.uasset" SILENT=true
[2018.12.03-23.14.11:748][838]LogSavePackage: Moving 'D:/FinalMetroVR/Saved/MetroFD7EC1A14C9CA9A3C0E5478B7835618E.tmp' to 'D:/FinalMetroVR/Content/Blue/Metro.uasset'
[2018.12.03-23.14.17:532][355]LogSlate: FSceneViewport::OnFocusLost() reason 0
[2018.12.03-23.14.18:782][496]LogEditorTransaction: Undo Remove Variable
[2018.12.03-23.14.19:771][554]LogEditorTransaction: Undo Remove Variable
[2018.12.03-23.14.21:353][687]LogEditorTransaction: Undo Remove Variable
[2018.12.03-23.14.21:849][691]LogEditorTransaction: Undo Remove Variable
[2018.12.03-23.14.22:618][726]LogEditorTransaction: Undo Remove Variable
[2018.12.03-23.14.23:511][774]LogEditorTransaction: Undo Delete current selection
[2018.12.03-23.14.30:558][504]LogHttp: Warning: 0000020A604E1440: request failed, libcurl error: 6 (Couldn't resolve host name)
[2018.12.03-23.14.30:558][504]LogHttp: Warning: 0000020A604E1440: libcurl info message cache 0 (Could not resolve host: datarouter.ol.epicgames.com)
[2018.12.03-23.14.30:558][504]LogHttp: Warning: 0000020A604E1440: libcurl info message cache 1 (Closing connection 3)
[2018.12.03-23.14.55:407][387]BlueprintLog: New page: Compile Metro
[2018.12.03-23.14.57:195][451]Cmd: OBJ SAVEPACKAGE PACKAGE="/Game/Blue/Metro" FILE="D:/FinalMetroVR/Content/Blue/Metro.uasset" SILENT=true
[2018.12.03-23.14.57:567][451]LogSavePackage: Moving 'D:/FinalMetroVR/Saved/MetroBE8E53F242632E4A886ED1B75CACA2C7.tmp' to 'D:/FinalMetroVR/Content/Blue/Metro.uasset'
[2018.12.03-23.15.04:879][150]BlueprintLog: New page: Compile Metro
[2018.12.03-23.15.14:299][889]LogSlate: FSceneViewport::OnFocusLost() reason 0
[2018.12.03-23.15.19:996][426]LogAssetEditorManager: Opening Asset editor for Blueprint /Game/Blue/TrainDoor.TrainDoor
[2018.12.03-23.15.32:527][764]Cmd: OBJ SAVEPACKAGE PACKAGE="/Game/Blue/Metro" FILE="D:/FinalMetroVR/Content/Blue/Metro.uasset" SILENT=true
[2018.12.03-23.15.32:898][764]LogSavePackage: Moving 'D:/FinalMetroVR/Saved/MetroE9CBDA8D4CB7D56CBCEF60AAB4480BCC.tmp' to 'D:/FinalMetroVR/Content/Blue/Metro.uasset'
[2018.12.03-23.15.42:780][586]LogAssetEditorManager: Opening Asset editor for Blueprint /Game/VirtualRealityBP/Blueprints/MotionControllerPawn.MotionControllerPawn
[2018.12.03-23.15.48:594][ 57]LogActorComponent: UnregisterComponent: (/Engine/Transient.EditorFloorComp) Not registered. Aborting.
[2018.12.03-23.15.49:120][104]LogActorComponent: UnregisterComponent: (/Engine/Transient.EditorFloorComp) Not registered. Aborting.
[2018.12.03-23.15.50:556][266]LogActorComponent: UnregisterComponent: (/Engine/Transient.EditorFloorComp) Not registered. Aborting.
[2018.12.03-23.16.12:076][241]LogAssetEditorManager: Opening Asset editor for Blueprint /Game/Blueprints/Sevarog_AnimBlueprint_Blueprint.Sevarog_AnimBlueprint_Blueprint
[2018.12.03-23.16.14:767][397]LogSlate: Window 'Sevarog_AnimBlueprint_Blueprint' being destroyed
[2018.12.03-23.16.25:163][589]BlueprintLog: New page: Compile Sevarog_AnimBlueprint_Blueprint
[2018.12.03-23.16.30:583][184]LogHttp: Warning: 0000020A07252FC0: request failed, libcurl error: 6 (Couldn't resolve host name)
[2018.12.03-23.16.30:584][184]LogHttp: Warning: 0000020A07252FC0: libcurl info message cache 0 (Could not resolve host: datarouter.ol.epicgames.com)
[2018.12.03-23.16.30:584][184]LogHttp: Warning: 0000020A07252FC0: libcurl info message cache 1 (Closing connection 4)
[2018.12.03-23.16.38:432][957]LogSlate: FSceneViewport::OnFocusLost() reason 0
[2018.12.03-23.16.40:241][111]Cmd: OBJ SAVEPACKAGE PACKAGE="/Game/Maps/Fase_VR_Terror-Mapa_corrigido" FILE="D:/FinalMetroVR/Content/Maps/Fase_VR_Terror-Mapa_corrigido.umap" SILENT=true AUTOSAVING=false KEEPDIRTY=false
[2018.12.03-23.16.41:225][111]LogSavePackage: Moving 'D:/FinalMetroVR/Saved/Fase_VR_Terror-Mapa_corrigido3216BE6541D402B9078A26A4636F2453.tmp' to 'D:/FinalMetroVR/Content/Maps/Fase_VR_Terror-Mapa_corrigido.umap'
[2018.12.03-23.16.41:257][111]Cmd: OBJ SAVEPACKAGE PACKAGE="/Game/Maps/Fase_VR_Terror-Mapa_corrigido_BuiltData" FILE="D:/FinalMetroVR/Content/Maps/Fase_VR_Terror-Mapa_corrigido_BuiltData.uasset" SILENT=true
[2018.12.03-23.16.41:784][111]LogSavePackage: Moving 'D:/FinalMetroVR/Saved/Fase_VR_Terror-Mapa_corrigido_Bu9F4B6C814E2CA33E01639F8FA674EB01.tmp' to 'D:/FinalMetroVR/Content/Maps/Fase_VR_Terror-Mapa_corrigido_BuiltData.uasset'
[2018.12.03-23.18.30:629][260]LogHttp: Warning: 00000209B4434CC0: request failed, libcurl error: 6 (Couldn't resolve host name)
[2018.12.03-23.18.30:629][260]LogHttp: Warning: 00000209B4434CC0: libcurl info message cache 0 (Could not resolve host: datarouter.ol.epicgames.com)
[2018.12.03-23.18.30:629][260]LogHttp: Warning: 00000209B4434CC0: libcurl info message cache 1 (Closing connection 5)
[2018.12.03-23.20.30:670][413]LogHttp: Warning: 00000209B4434E00: request failed, libcurl error: 6 (Couldn't resolve host name)
[2018.12.03-23.20.30:670][413]LogHttp: Warning: 00000209B4434E00: libcurl info message cache 0 (Could not resolve host: datarouter.ol.epicgames.com)
[2018.12.03-23.20.30:670][413]LogHttp: Warning: 00000209B4434E00: libcurl info message cache 1 (Closing connection 6)
[2018.12.03-23.21.23:875][907]LogSlate: FSceneViewport::OnFocusLost() reason 0
[2018.12.03-23.21.24:600][970]LogTemp: Repeating last play command: VR Preview
[2018.12.03-23.21.24:645][970]LogBlueprintUserMessages: Early PlayInEditor Detection: Level '/Game/Maps/Fase_VR_Terror-Mapa_corrigido.Fase_VR_Terror-Mapa_corrigido:PersistentLevel' has LevelScriptBlueprint '/Game/Maps/Fase_VR_Terror-Mapa_corrigido.Fase_VR_Terror-Mapa_corrigido:PersistentLevel.Fase_VR_Terror-Mapa_corrigido' with GeneratedClass '/Game/Maps/Fase_VR_Terror-Mapa_corrigido.Fase_VR_Terror-Mapa_corrigido_C' with ClassGeneratedBy '/Game/Maps/Fase_VR_Terror-Mapa_corrigido.Fase_VR_Terror-Mapa_corrigido:PersistentLevel.Fase_VR_Terror-Mapa_corrigido'
[2018.12.03-23.21.24:645][970]LogPlayLevel: PlayLevel: No blueprints needed recompiling
[2018.12.03-23.21.24:645][970]PIE: New page: PIE session: Fase_VR_Terror-Mapa_corrigido (Dec 3, 2018, 7:21:24 PM)
[2018.12.03-23.21.24:645][970]LogPlayLevel: Creating play world package: /Game/Maps/UEDPIE_0_Fase_VR_Terror-Mapa_corrigido
[2018.12.03-23.21.24:711][970]LogPlayLevel: PIE: StaticDuplicateObject took: (0.065519s)
[2018.12.03-23.21.24:712][970]LogAIModule: Creating AISystem for world Fase_VR_Terror-Mapa_corrigido
[2018.12.03-23.21.24:712][970]LogPlayLevel: PIE: World Init took: (0.001063s)
[2018.12.03-23.21.24:712][970]LogPlayLevel: PIE: Created PIE world by copying editor world from /Game/Maps/Fase_VR_Terror-Mapa_corrigido.Fase_VR_Terror-Mapa_corrigido to /Game/Maps/UEDPIE_0_Fase_VR_Terror-Mapa_corrigido.Fase_VR_Terror-Mapa_corrigido (0.066823s)
[2018.12.03-23.21.24:793][970]LogInit: XAudio2 using 'VIVE Pro (NVIDIA High Definition Audio)' : 2 channels at 48 kHz using 16 bits per sample (channel mask 0x3)
[2018.12.03-23.21.24:809][970]LogInit: FAudioDevice initialized.
[2018.12.03-23.21.24:820][970]LogSlate: Updating window title bar state: overlay mode, drag disabled, window buttons hidden, title bar hidden
[2018.12.03-23.21.24:904][970]LogUObjectGlobals: Warning: Failed to find object 'Class None.'
[2018.12.03-23.21.24:904][970]LogLoad: Game class is 'GameModeBase'
[2018.12.03-23.21.24:910][970]LogPhysics: Warning: PopulatePhysXGeometryAndTransform(Convex): ConvexElem has invalid transform
[2018.12.03-23.21.24:910][970]LogPhysics: Warning: ForeachShape(Convex): [/Game/StarterContent/Shapes/Shape_Pipe.Shape_Pipe] ScaledElem[0] invalid
[2018.12.03-23.21.24:910][970]LogPhysics: Warning: ForeachShape(Trimesh): [/Game/StarterContent/Shapes/Shape_Pipe.Shape_Pipe] ScaledElem[0] invalid
[2018.12.03-23.21.24:910][970]LogPhysics: Warning: PopulatePhysXGeometryAndTransform(Convex): ConvexElem has invalid transform
[2018.12.03-23.21.24:910][970]LogPhysics: Warning: ForeachShape(Convex): [/Game/StarterContent/Shapes/Shape_Pipe.Shape_Pipe] ScaledElem[0] invalid
[2018.12.03-23.21.24:910][970]LogPhysics: Warning: ForeachShape(Trimesh): [/Game/StarterContent/Shapes/Shape_Pipe.Shape_Pipe] ScaledElem[0] invalid
[2018.12.03-23.21.24:927][970]LogWorld: Bringing World /Game/Maps/UEDPIE_0_Fase_VR_Terror-Mapa_corrigido.Fase_VR_Terror-Mapa_corrigido up for play (max tick rate 0) at 2018.12.03-21.21.24
[2018.12.03-23.21.24:930][970]LogWorld: Bringing up level for play took: 0.025229
[2018.12.03-23.21.24:951][970]PIE: Play in editor start time for /Game/Maps/UEDPIE_0_Fase_VR_Terror-Mapa_corrigido -0.083
[2018.12.03-23.21.24:951][970]LogBlueprintUserMessages: Late PlayInEditor Detection: Level '/Game/Maps/Fase_VR_Terror-Mapa_corrigido.Fase_VR_Terror-Mapa_corrigido:PersistentLevel' has LevelScriptBlueprint '/Game/Maps/Fase_VR_Terror-Mapa_corrigido.Fase_VR_Terror-Mapa_corrigido:PersistentLevel.Fase_VR_Terror-Mapa_corrigido' with GeneratedClass '/Game/Maps/Fase_VR_Terror-Mapa_corrigido.Fase_VR_Terror-Mapa_corrigido_C' with ClassGeneratedBy '/Game/Maps/Fase_VR_Terror-Mapa_corrigido.Fase_VR_Terror-Mapa_corrigido:PersistentLevel.Fase_VR_Terror-Mapa_corrigido'
[2018.12.03-23.21.26:980][ 97]LogParticles: Warning: Particle Notify: Particle system is null for particle notify 'PlayParticleEffect' in anim: '/Game/ParagonSevarog/Characters/Heroes/Sevarog/Animations/LevelStart_Montage.LevelStart_Montage'
[2018.12.03-23.22.03:805][896]LogBlueprintUserMessages: [Key_2] chave coletada
[2018.12.03-23.22.30:714][511]LogHttp: Warning: 00000209943220C0: request failed, libcurl error: 6 (Couldn't resolve host name)
[2018.12.03-23.22.30:714][511]LogHttp: Warning: 00000209943220C0: libcurl info message cache 0 (Could not resolve host: datarouter.ol.epicgames.com)
[2018.12.03-23.22.30:714][511]LogHttp: Warning: 00000209943220C0: libcurl info message cache 1 (Closing connection 7)
[2018.12.03-23.23.16:428][547]LogSlate: Updating window title bar state: overlay mode, drag disabled, window buttons hidden, title bar hidden
[2018.12.03-23.23.16:428][547]LogBlueprintUserMessages: Early EndPlayMap Detection: Level '/Game/Maps/Fase_VR_Terror-Mapa_corrigido.Fase_VR_Terror-Mapa_corrigido:PersistentLevel' has LevelScriptBlueprint '/Game/Maps/Fase_VR_Terror-Mapa_corrigido.Fase_VR_Terror-Mapa_corrigido:PersistentLevel.Fase_VR_Terror-Mapa_corrigido' with GeneratedClass '/Game/Maps/Fase_VR_Terror-Mapa_corrigido.Fase_VR_Terror-Mapa_corrigido_C' with ClassGeneratedBy '/Game/Maps/Fase_VR_Terror-Mapa_corrigido.Fase_VR_Terror-Mapa_corrigido:PersistentLevel.Fase_VR_Terror-Mapa_corrigido'
[2018.12.03-23.23.16:545][547]LogSlate: Window 'FinalMetroVR Game Preview Standalone (64-bit/PCD3D_SM5)' being destroyed
[2018.12.03-23.23.16:589][547]LogPlayLevel: Display: Shutting down PIE online subsystems
[2018.12.03-23.23.16:589][547]LogBlueprintUserMessages: Late EndPlayMap Detection: Level '/Game/Maps/Fase_VR_Terror-Mapa_corrigido.Fase_VR_Terror-Mapa_corrigido:PersistentLevel' has LevelScriptBlueprint '/Game/Maps/Fase_VR_Terror-Mapa_corrigido.Fase_VR_Terror-Mapa_corrigido:PersistentLevel.Fase_VR_Terror-Mapa_corrigido' with GeneratedClass '/Game/Maps/Fase_VR_Terror-Mapa_corrigido.Fase_VR_Terror-Mapa_corrigido_C' with ClassGeneratedBy '/Game/Maps/Fase_VR_Terror-Mapa_corrigido.Fase_VR_Terror-Mapa_corrigido:PersistentLevel.Fase_VR_Terror-Mapa_corrigido'
[2018.12.03-23.23.16:676][548]LogPlayLevel: Display: Destroying online subsystem :Context_13
[2018.12.03-23.23.38:953][541]Cmd: OBJ SAVEPACKAGE PACKAGE="/Game/Maps/Fase_VR_Terror-Mapa_corrigido" FILE="D:/FinalMetroVR/Content/Maps/Fase_VR_Terror-Mapa_corrigido.umap" SILENT=true AUTOSAVING=false KEEPDIRTY=false
[2018.12.03-23.23.39:937][541]LogSavePackage: Moving 'D:/FinalMetroVR/Saved/Fase_VR_Terror-Mapa_corrigido55A94077432CB2470B760486FD433AF7.tmp' to 'D:/FinalMetroVR/Content/Maps/Fase_VR_Terror-Mapa_corrigido.umap'
[2018.12.03-23.23.39:969][541]Cmd: OBJ SAVEPACKAGE PACKAGE="/Game/Maps/Fase_VR_Terror-Mapa_corrigido_BuiltData" FILE="D:/FinalMetroVR/Content/Maps/Fase_VR_Terror-Mapa_corrigido_BuiltData.uasset" SILENT=true
[2018.12.03-23.23.40:259][541]LogSavePackage: Moving 'D:/FinalMetroVR/Saved/Fase_VR_Terror-Mapa_corrigido_Bu3EC0B75A4037507430E4509C8D81E4D3.tmp' to 'D:/FinalMetroVR/Content/Maps/Fase_VR_Terror-Mapa_corrigido_BuiltData.uasset'
[2018.12.03-23.23.43:186][660]LogSlate: Window 'Save Content' being destroyed
[2018.12.03-23.23.43:278][660]Cmd: OBJ SAVEPACKAGE PACKAGE="/Game/Blueprints/Sevarog_AnimBlueprint_Blueprint" FILE="D:/FinalMetroVR/Content/Blueprints/Sevarog_AnimBlueprint_Blueprint.uasset" SILENT=true
[2018.12.03-23.23.43:328][660]LogSavePackage: Moving 'D:/FinalMetroVR/Saved/Sevarog_AnimBlueprint_BlueprintBB5C3E7B442475FDBF2A8384E8C7C659.tmp' to 'D:/FinalMetroVR/Content/Blueprints/Sevarog_AnimBlueprint_Blueprint.uasset'
[2018.12.03-23.23.43:485][660]LogSlate: Window 'FinalMetroVR - Unreal Editor' being destroyed
[2018.12.03-23.23.43:486][660]LogWindowsTextInputMethodSystem: Display: IME system now deactivated.
[2018.12.03-23.23.43:676][661]Cmd: QUIT_EDITOR
[2018.12.03-23.23.44:024][661]LogExit: Preparing to exit.
[2018.12.03-23.23.44:326][661]LogExit: Editor shut down
[2018.12.03-23.23.44:327][661]LogExit: Transaction tracking system shut down
[2018.12.03-23.23.45:025][661]LogExit: Object subsystem successfully closed.
[2018.12.03-23.23.45:064][661]LogShaderCompilers: Display: Shaders left to compile 0
[2018.12.03-23.23.45:072][661]LogD3D11RHI: Shutdown
[2018.12.03-23.23.45:072][661]LogD3D11RHI: CleanupD3DDevice
[2018.12.03-23.23.45:077][661]LogD3D11RHI: ~FD3D11DynamicRHI
[2018.12.03-23.23.45:104][661]LogModuleManager: Shutting down and abandoning module BlueprintGraph (634)
[2018.12.03-23.23.45:104][661]LogModuleManager: Shutting down and abandoning module MovieSceneCapture (632)
[2018.12.03-23.23.45:104][661]LogModuleManager: Shutting down and abandoning module Voice (630)
[2018.12.03-23.23.45:105][661]LogModuleManager: Shutting down and abandoning module HierarchicalLODOutliner (628)
[2018.12.03-23.23.45:105][661]LogModuleManager: Shutting down and abandoning module SceneOutliner (626)
[2018.12.03-23.23.45:105][661]LogModuleManager: Shutting down and abandoning module AddContentDialog (624)
[2018.12.03-23.23.45:105][661]LogModuleManager: Shutting down and abandoning module WidgetCarousel (623)
[2018.12.03-23.23.45:105][661]LogModuleManager: Shutting down and abandoning module EditorWidgets (620)
[2018.12.03-23.23.45:105][661]LogModuleManager: Shutting down and abandoning module CollectionManager (618)
[2018.12.03-23.23.45:105][661]LogModuleManager: Shutting down and abandoning module StatsViewer (616)
[2018.12.03-23.23.45:106][661]LogModuleManager: Shutting down and abandoning module FoliageEdit (614)
[2018.12.03-23.23.45:106][661]LogModuleManager: Shutting down and abandoning module LandscapeEditor (612)
[2018.12.03-23.23.45:106][661]LogModuleManager: Shutting down and abandoning module MeshPaintMode (610)
[2018.12.03-23.23.45:106][661]LogModuleManager: Shutting down and abandoning module SceneDepthPickerMode (608)
[2018.12.03-23.23.45:106][661]LogModuleManager: Shutting down and abandoning module ActorPickerMode (606)
[2018.12.03-23.23.45:106][661]LogModuleManager: Shutting down and abandoning module GeometryMode (604)
[2018.12.03-23.23.45:106][661]LogModuleManager: Shutting down and abandoning module TextureAlignMode (602)
[2018.12.03-23.23.45:106][661]LogModuleManager: Shutting down and abandoning module BspMode (600)
[2018.12.03-23.23.45:106][661]LogModuleManager: Shutting down and abandoning module PIEPreviewDeviceProfileSelector (598)
[2018.12.03-23.23.45:106][661]LogModuleManager: Shutting down and abandoning module SequenceRecorderSections (596)
[2018.12.03-23.23.45:106][661]LogModuleManager: Shutting down and abandoning module AutomationWorker (594)
[2018.12.03-23.23.45:106][661]LogModuleManager: Shutting down and abandoning module DatasmithFBXImporter (592)
[2018.12.03-23.23.45:106][661]LogModuleManager: Shutting down and abandoning module DatasmithDeltaGenImporter (590)
[2018.12.03-23.23.45:106][661]LogModuleManager: Shutting down and abandoning module DatasmithVREDImporter (588)
[2018.12.03-23.23.45:106][661]LogModuleManager: Shutting down and abandoning module AudioCaptureEditor (586)
[2018.12.03-23.23.45:106][661]LogModuleManager: Shutting down and abandoning module SequenceRecorder (585)
[2018.12.03-23.23.45:106][661]LogModuleManager: Shutting down and abandoning module MatineeToLevelSequence (582)
[2018.12.03-23.23.45:106][661]LogModuleManager: Shutting down and abandoning module LevelSequenceEditor (580)
[2018.12.03-23.23.45:106][661]LogModuleManager: Shutting down and abandoning module PlacementMode (579)
[2018.12.03-23.23.45:106][661]LogModuleManager: Shutting down and abandoning module MaterialEditor (578)
[2018.12.03-23.23.45:106][661]LogModuleManager: Shutting down and abandoning module WmfMediaFactory (574)
[2018.12.03-23.23.45:106][661]LogModuleManager: Shutting down and abandoning module WmfMediaEditor (572)
[2018.12.03-23.23.45:106][661]LogModuleManager: Shutting down and abandoning module MediaPlayerEditor (570)
[2018.12.03-23.23.45:106][661]LogModuleManager: Shutting down and abandoning module OpenExrWrapper (568)
[2018.12.03-23.23.45:106][661]LogModuleManager: Shutting down and abandoning module ImgMediaFactory (566)
[2018.12.03-23.23.45:107][661]LogModuleManager: Shutting down and abandoning module ImgMediaEditor (564)
[2018.12.03-23.23.45:107][661]LogModuleManager: Shutting down and abandoning module AvfMediaFactory (562)
[2018.12.03-23.23.45:107][661]LogModuleManager: Shutting down and abandoning module AvfMediaEditor (560)
[2018.12.03-23.23.45:107][661]LogModuleManager: Shutting down and abandoning module AndroidMediaFactory (558)
[2018.12.03-23.23.45:107][661]LogModuleManager: Shutting down and abandoning module AndroidMediaEditor (556)
[2018.12.03-23.23.45:107][661]LogModuleManager: Shutting down and abandoning module MagicLeapCameraPreviewFactory (554)
[2018.12.03-23.23.45:107][661]LogModuleManager: Shutting down and abandoning module MagicLeapMediaFactory (552)
[2018.12.03-23.23.45:107][661]LogModuleManager: Shutting down and abandoning module MagicLeapMediaEditor (550)
[2018.12.03-23.23.45:107][661]LogModuleManager: Shutting down and abandoning module CharacterAI (548)
[2018.12.03-23.23.45:107][661]LogModuleManager: Shutting down and abandoning module SmartSnapping (546)
[2018.12.03-23.23.45:107][661]LogModuleManager: Shutting down and abandoning module SessionServices (544)
[2018.12.03-23.23.45:107][661]LogModuleManager: Shutting down and abandoning module ViewportSnapping (542)
[2018.12.03-23.23.45:107][661]LogModuleManager: Shutting down and abandoning module ViewportInteraction (540)
[2018.12.03-23.23.45:107][661]LogModuleManager: Shutting down and abandoning module ClothPainter (538)
[2018.12.03-23.23.45:107][661]LogModuleManager: Shutting down and abandoning module SkeletalMeshEditor (537)
[2018.12.03-23.23.45:107][661]LogModuleManager: Shutting down and abandoning module LogVisualizer (534)
[2018.12.03-23.23.45:107][661]LogModuleManager: Shutting down and abandoning module IntroTutorials (532)
[2018.12.03-23.23.45:107][661]LogModuleManager: Shutting down and abandoning module GameProjectGeneration (531)
[2018.12.03-23.23.45:107][661]LogModuleManager: Shutting down and abandoning module LuminPlatformEditor (528)
[2018.12.03-23.23.45:107][661]LogModuleManager: Shutting down and abandoning module IOSPlatformEditor (526)
[2018.12.03-23.23.45:107][661]LogModuleManager: Shutting down and abandoning module HTML5PlatformEditor (524)
[2018.12.03-23.23.45:107][661]LogModuleManager: Shutting down and abandoning module AndroidPlatformEditor (522)
[2018.12.03-23.23.45:107][661]LogModuleManager: Shutting down and abandoning module AndroidDeviceDetection (521)
[2018.12.03-23.23.45:128][661]LogModuleManager: Shutting down and abandoning module WindowsPlatformEditor (518)
[2018.12.03-23.23.45:128][661]LogModuleManager: Shutting down and abandoning module LuminRuntimeSettings (516)
[2018.12.03-23.23.45:128][661]LogModuleManager: Shutting down and abandoning module IOSRuntimeSettings (514)
[2018.12.03-23.23.45:128][661]LogModuleManager: Shutting down and abandoning module AndroidRuntimeSettings (512)
[2018.12.03-23.23.45:129][661]LogModuleManager: Shutting down and abandoning module InputBindingEditor (510)
[2018.12.03-23.23.45:129][661]LogModuleManager: Shutting down and abandoning module MergeActors (508)
[2018.12.03-23.23.45:129][661]LogModuleManager: Shutting down and abandoning module LocalizationDashboard (506)
[2018.12.03-23.23.45:129][661]LogModuleManager: Shutting down and abandoning module LocalizationService (505)
[2018.12.03-23.23.45:129][661]LogModuleManager: Shutting down and abandoning module HardwareTargeting (502)
[2018.12.03-23.23.45:129][661]LogModuleManager: Shutting down and abandoning module DeviceProfileEditor (500)
[2018.12.03-23.23.45:129][661]LogModuleManager: Shutting down and abandoning module UndoHistory (498)
[2018.12.03-23.23.45:129][661]LogModuleManager: Shutting down and abandoning module XmlParser (496)
[2018.12.03-23.23.45:129][661]LogModuleManager: Shutting down and abandoning module Blutility (494)
[2018.12.03-23.23.45:129][661]LogModuleManager: Shutting down and abandoning module ProjectSettingsViewer (492)
[2018.12.03-23.23.45:129][661]LogModuleManager: Shutting down and abandoning module ProjectTargetPlatformEditor (491)
[2018.12.03-23.23.45:129][661]LogModuleManager: Shutting down and abandoning module EditorSettingsViewer (488)
[2018.12.03-23.23.45:129][661]LogModuleManager: Shutting down and abandoning module SettingsEditor (486)
[2018.12.03-23.23.45:129][661]LogModuleManager: Shutting down and abandoning module ProjectLauncher (484)
[2018.12.03-23.23.45:129][661]LogModuleManager: Shutting down and abandoning module SessionFrontend (482)
[2018.12.03-23.23.45:129][661]LogModuleManager: Shutting down and abandoning module ProfilerClient (480)
[2018.12.03-23.23.45:129][661]LogModuleManager: Shutting down and abandoning module DeviceManager (478)
[2018.12.03-23.23.45:129][661]LogModuleManager: Shutting down and abandoning module TargetDeviceServices (477)
[2018.12.03-23.23.45:184][661]LogModuleManager: Shutting down and abandoning module AutomationController (474)
[2018.12.03-23.23.45:184][661]LogModuleManager: Shutting down and abandoning module AutomationWindow (472)
[2018.12.03-23.23.45:184][661]LogModuleManager: Shutting down and abandoning module Layers (470)
[2018.12.03-23.23.45:184][661]LogModuleManager: Shutting down and abandoning module ComponentVisualizers (468)
[2018.12.03-23.23.45:184][661]LogModuleManager: Shutting down and abandoning module DetailCustomizations (466)
[2018.12.03-23.23.45:184][661]LogModuleManager: Shutting down and abandoning module PackagesDialog (464)
[2018.12.03-23.23.45:184][661]LogModuleManager: Shutting down and abandoning module Persona (462)
[2018.12.03-23.23.45:184][661]LogModuleManager: Shutting down and abandoning module AnimGraph (461)
[2018.12.03-23.23.45:184][661]LogModuleManager: Shutting down and abandoning module Kismet (458)
[2018.12.03-23.23.45:191][661]LogModuleManager: Shutting down and abandoning module GraphEditor (456)
[2018.12.03-23.23.45:191][661]LogModuleManager: Shutting down and abandoning module ClassViewer (454)
[2018.12.03-23.23.45:191][661]LogModuleManager: Shutting down and abandoning module Toolbox (452)
[2018.12.03-23.23.45:191][661]LogModuleManager: Shutting down and abandoning module ModuleUI (450)
[2018.12.03-23.23.45:191][661]LogModuleManager: Shutting down and abandoning module MovieSceneTools (448)
[2018.12.03-23.23.45:191][661]LogModuleManager: Shutting down and abandoning module OutputLog (446)
[2018.12.03-23.23.45:191][661]LogModuleManager: Shutting down and abandoning module GammaUI (444)
[2018.12.03-23.23.45:191][661]LogModuleManager: Shutting down and abandoning module Documentation (442)
[2018.12.03-23.23.45:191][661]LogModuleManager: Shutting down and abandoning module MovieSceneTracks (440)
[2018.12.03-23.23.45:191][661]LogModuleManager: Shutting down and abandoning module MovieScene (438)
[2018.12.03-23.23.45:191][661]LogModuleManager: Shutting down and abandoning module StreamingPauseRendering (436)
[2018.12.03-23.23.45:191][661]LogModuleManager: Shutting down and abandoning module LauncherPlatform (434)
[2018.12.03-23.23.45:191][661]LogModuleManager: Shutting down and abandoning module AnalyticsET (432)
[2018.12.03-23.23.45:191][661]LogModuleManager: Shutting down and abandoning module PortalServices (430)
[2018.12.03-23.23.45:191][661]LogModuleManager: Shutting down and abandoning module PortalRpc (428)
[2018.12.03-23.23.45:192][661]LogModuleManager: Shutting down and abandoning module MessagingRpc (426)
[2018.12.03-23.23.45:192][661]LogModuleManager: Shutting down and abandoning module AIModule (424)
[2018.12.03-23.23.45:192][661]LogModuleManager: Shutting down and abandoning module GameplayDebugger (423)
[2018.12.03-23.23.45:192][661]LogModuleManager: Shutting down and abandoning module AITestSuite (421)
[2018.12.03-23.23.45:192][661]LogModuleManager: Shutting down and abandoning module NavigationSystem (419)
[2018.12.03-23.23.45:192][661]LogModuleManager: Shutting down and abandoning module DesktopPlatform (416)
[2018.12.03-23.23.45:192][661]LogModuleManager: Shutting down and abandoning module ProfilerService (414)
[2018.12.03-23.23.45:304][661]LogModuleManager: Shutting down and abandoning module TaskGraph (412)
[2018.12.03-23.23.45:305][661]LogModuleManager: Shutting down and abandoning module DatasmithCADImporter (410)
[2018.12.03-23.23.45:305][661]LogModuleManager: Shutting down and abandoning module StaticMeshEditorExtension (408)
[2018.12.03-23.23.45:305][661]LogModuleManager: Shutting down and abandoning module StaticMeshEditor (407)
[2018.12.03-23.23.45:305][661]LogModuleManager: Shutting down and abandoning module AdvancedPreviewScene (406)
[2018.12.03-23.23.45:305][661]LogModuleManager: Shutting down and abandoning module DatasmithMDLImporter (402)
[2018.12.03-23.23.45:307][661]LogModuleManager: Shutting down and abandoning module DatasmithImporter (400)
[2018.12.03-23.23.45:307][661]LogModuleManager: Shutting down and abandoning module SteamVRController (398)
[2018.12.03-23.23.45:307][661]LogModuleManager: Shutting down and abandoning module ProceduralMeshComponentEditor (396)
[2018.12.03-23.23.45:307][661]LogModuleManager: Shutting down and abandoning module ProceduralMeshComponent (394)
[2018.12.03-23.23.45:307][661]LogModuleManager: Shutting down and abandoning module OculusInput (392)
[2018.12.03-23.23.45:307][661]LogModuleManager: Shutting down and abandoning module MobilePatchingUtils (390)
[2018.12.03-23.23.45:307][661]LogModuleManager: Shutting down and abandoning module EditableMesh (388)
[2018.12.03-23.23.45:307][661]LogModuleManager: Shutting down and abandoning module CustomMeshComponent (386)
[2018.12.03-23.23.45:307][661]LogModuleManager: Shutting down and abandoning module CableComponent (384)
[2018.12.03-23.23.45:307][661]LogModuleManager: Shutting down and abandoning module AudioCapture (382)
[2018.12.03-23.23.45:307][661]LogModuleManager: Shutting down and abandoning module ArchVisCharacter (380)
[2018.12.03-23.23.45:307][661]LogModuleManager: Shutting down and abandoning module AndroidPermission (378)
[2018.12.03-23.23.45:307][661]LogModuleManager: Shutting down and abandoning module NUTUnrealEngine4 (376)
[2018.12.03-23.23.45:307][661]LogModuleManager: Shutting down and abandoning module NetcodeUnitTest (374)
[2018.12.03-23.23.45:308][661]LogModuleManager: Shutting down and abandoning module MediaCompositingEditor (372)
[2018.12.03-23.23.45:308][661]LogModuleManager: Shutting down and abandoning module MediaCompositing (370)
[2018.12.03-23.23.45:308][661]LogModuleManager: Shutting down and abandoning module LinearTimecode (368)
[2018.12.03-23.23.45:308][661]LogModuleManager: Shutting down and abandoning module ImgMedia (366)
[2018.12.03-23.23.45:313][661]LogModuleManager: Shutting down and abandoning module HTML5Networking (364)
[2018.12.03-23.23.45:313][661]LogModuleManager: Shutting down and abandoning module GeometryCacheTracks (362)
[2018.12.03-23.23.45:313][661]LogModuleManager: Shutting down and abandoning module GeometryCacheSequencer (360)
[2018.12.03-23.23.45:313][661]LogModuleManager: Shutting down and abandoning module BackChannel (358)
[2018.12.03-23.23.45:313][661]LogModuleManager: Shutting down and abandoning module AppleVision (356)
[2018.12.03-23.23.45:313][661]LogModuleManager: Shutting down and abandoning module AppleImageUtils (354)
[2018.12.03-23.23.45:313][661]LogModuleManager: Shutting down and abandoning module AlembicImporter (352)
[2018.12.03-23.23.45:313][661]LogModuleManager: Shutting down and abandoning module AlembicLibrary (351)
[2018.12.03-23.23.45:313][661]LogModuleManager: Shutting down and abandoning module GeometryCache (350)
[2018.12.03-23.23.45:313][661]LogModuleManager: Shutting down and abandoning module GeometryCacheEd (349)
[2018.12.03-23.23.45:313][661]LogModuleManager: Shutting down and abandoning module DatasmithContentEditor (344)
[2018.12.03-23.23.45:313][661]LogModuleManager: Shutting down and abandoning module DatasmithContent (342)
[2018.12.03-23.23.45:313][661]LogModuleManager: Shutting down and abandoning module SpeedTreeImporter (340)
[2018.12.03-23.23.45:313][661]LogModuleManager: Shutting down and abandoning module PluginBrowser (338)
[2018.12.03-23.23.45:314][661]LogModuleManager: Shutting down and abandoning module MobileLauncherProfileWizard (336)
[2018.12.03-23.23.45:314][661]LogModuleManager: Shutting down and abandoning module PolygonModeling (334)
[2018.12.03-23.23.45:314][661]LogModuleManager: Shutting down and abandoning module MeshEditor (332)
[2018.12.03-23.23.45:314][661]LogModuleManager: Shutting down and abandoning module EditorScriptingUtilities (330)
[2018.12.03-23.23.45:314][661]LogModuleManager: Shutting down and abandoning module CryptoKeysOpenSSL (328)
[2018.12.03-23.23.45:314][661]LogModuleManager: Shutting down and abandoning module CryptoKeys (326)
[2018.12.03-23.23.45:314][661]LogModuleManager: Shutting down and abandoning module VisualStudioSourceCodeAccess (324)
[2018.12.03-23.23.45:314][661]LogModuleManager: Shutting down and abandoning module VisualStudioCodeSourceCodeAccess (322)
[2018.12.03-23.23.45:314][661]LogModuleManager: Shutting down and abandoning module UObjectPlugin (320)
[2018.12.03-23.23.45:314][661]LogModuleManager: Shutting down and abandoning module SubversionSourceControl (318)
[2018.12.03-23.23.45:314][661]LogModuleManager: Shutting down and abandoning module PerforceSourceControl (316)
[2018.12.03-23.23.45:314][661]LogModuleManager: Shutting down and abandoning module GitSourceControl (314)
[2018.12.03-23.23.45:314][661]LogModuleManager: Shutting down and abandoning module SourceControl (313)
[2018.12.03-23.23.45:314][661]LogModuleManager: Shutting down and abandoning module CLionSourceCodeAccess (310)
[2018.12.03-23.23.45:314][661]LogModuleManager: Shutting down and abandoning module LightPropagationVolumeEditor (308)
[2018.12.03-23.23.45:314][661]LogModuleManager: Shutting down and abandoning module PaperTiledImporter (306)
[2018.12.03-23.23.45:314][661]LogModuleManager: Shutting down and abandoning module PaperSpriteSheetImporter (304)
[2018.12.03-23.23.45:314][661]LogModuleManager: Shutting down and abandoning module Paper2DEditor (302)
[2018.12.03-23.23.45:314][661]LogModuleManager: Shutting down and abandoning module MeshPaint (301)
[2018.12.03-23.23.45:314][661]LogModuleManager: Shutting down and abandoning module RuntimePhysXCooking (298)
[2018.12.03-23.23.45:314][661]LogModuleManager: Shutting down and abandoning module PhysXVehiclesEditor (296)
[2018.12.03-23.23.45:314][661]LogModuleManager: Shutting down and abandoning module PhysXVehicles (294)
[2018.12.03-23.23.45:314][661]LogModuleManager: Shutting down and abandoning module OculusEditor (292)
[2018.12.03-23.23.45:314][661]LogModuleManager: Shutting down and abandoning module LocationServicesBPLibrary (290)
[2018.12.03-23.23.45:314][661]LogModuleManager: Shutting down and abandoning module ImmediatePhysicsEditor (288)
[2018.12.03-23.23.45:314][661]LogModuleManager: Shutting down and abandoning module ImmediatePhysics (286)
[2018.12.03-23.23.45:314][661]LogModuleManager: Shutting down and abandoning module ActorSequence (284)
[2018.12.03-23.23.45:314][661]LogModuleManager: Shutting down and abandoning module UdpMessaging (282)
[2018.12.03-23.23.45:416][661]LogModuleManager: Shutting down and abandoning module TcpMessaging (280)
[2018.12.03-23.23.45:517][661]LogModuleManager: Shutting down and abandoning module MagicLeapAudio (278)
[2018.12.03-23.23.45:517][661]LogModuleManager: Shutting down and abandoning module GameplayTagsEditor (276)
[2018.12.03-23.23.45:517][661]LogModuleManager: Shutting down and abandoning module FacialAnimationEditor (274)
[2018.12.03-23.23.45:517][661]LogModuleManager: Shutting down and abandoning module FacialAnimation (272)
[2018.12.03-23.23.45:517][661]LogModuleManager: Shutting down and abandoning module DataValidation (270)
[2018.12.03-23.23.45:517][661]LogModuleManager: Shutting down and abandoning module AssetManagerEditor (268)
[2018.12.03-23.23.45:517][661]LogModuleManager: Shutting down and abandoning module LevelEditor (267)
[2018.12.03-23.23.45:518][661]LogModuleManager: Shutting down and abandoning module PixelInspectorModule (266)
[2018.12.03-23.23.45:518][661]LogModuleManager: Shutting down and abandoning module CommonMenuExtensions (264)
[2018.12.03-23.23.45:518][661]LogModuleManager: Shutting down and abandoning module MainFrame (262)
[2018.12.03-23.23.45:518][661]LogModuleManager: Shutting down and abandoning module HotReload (261)
[2018.12.03-23.23.45:519][661]LogModuleManager: Shutting down and abandoning module ContentBrowser (257)
[2018.12.03-23.23.45:520][661]LogModuleManager: Shutting down and abandoning module TreeMap (255)
[2018.12.03-23.23.45:520][661]LogModuleManager: Shutting down and abandoning module LightPropagationVolumeRuntime (252)
[2018.12.03-23.23.45:520][661]LogModuleManager: Shutting down and abandoning module AISupportModule (250)
[2018.12.03-23.23.45:520][661]LogModuleManager: Shutting down and abandoning module Paper2D (248)
[2018.12.03-23.23.45:520][661]LogModuleManager: Shutting down and abandoning module WindowsMoviePlayer (246)
[2018.12.03-23.23.45:520][661]LogModuleManager: Shutting down and abandoning module WmfMedia (244)
[2018.12.03-23.23.45:523][661]LogModuleManager: Shutting down and abandoning module Media (243)
[2018.12.03-23.23.45:529][661]LogModuleManager: Shutting down and abandoning module PacketHandler (240)
[2018.12.03-23.23.45:529][661]LogModuleManager: Shutting down and abandoning module ClothingSystemEditor (238)
[2018.12.03-23.23.45:529][661]LogModuleManager: Shutting down and abandoning module ClothingSystemRuntime (236)
[2018.12.03-23.23.45:529][661]LogModuleManager: Shutting down and abandoning module MediaAssets (234)
[2018.12.03-23.23.45:529][661]LogModuleManager: Shutting down and abandoning module Overlay (232)
[2018.12.03-23.23.45:529][661]LogModuleManager: Shutting down and abandoning module OverlayEditor (231)
[2018.12.03-23.23.45:529][661]LogModuleManager: Shutting down and abandoning module VREditor (228)
[2018.12.03-23.23.45:530][661]LogModuleManager: Shutting down and abandoning module StringTableEditor (226)
[2018.12.03-23.23.45:530][661]LogModuleManager: Shutting down and abandoning module GameplayTasksEditor (224)
[2018.12.03-23.23.45:530][661]LogModuleManager: Shutting down and abandoning module BehaviorTreeEditor (222)
[2018.12.03-23.23.45:530][661]LogModuleManager: Shutting down and abandoning module FunctionalTesting (220)
[2018.12.03-23.23.45:530][661]LogModuleManager: Shutting down and abandoning module CollisionAnalyzer (218)
[2018.12.03-23.23.45:530][661]LogModuleManager: Shutting down and abandoning module WorkspaceMenuStructure (217)
[2018.12.03-23.23.45:530][661]LogModuleManager: Shutting down and abandoning module UMG (214)
[2018.12.03-23.23.45:530][661]LogModuleManager: Shutting down and abandoning module UMGEditor (213)
[2018.12.03-23.23.45:530][661]LogModuleManager: Shutting down and abandoning module Sequencer (212)
[2018.12.03-23.23.45:530][661]LogModuleManager: Shutting down and abandoning module MessageLog (209)
[2018.12.03-23.23.45:530][661]LogModuleManager: Shutting down and abandoning module SlateReflector (204)
[2018.12.03-23.23.45:530][661]LogModuleManager: Shutting down and abandoning module Slate (202)
[2018.12.03-23.23.45:530][661]LogModuleManager: Shutting down and abandoning module EditorStyle (200)
[2018.12.03-23.23.45:532][661]LogModuleManager: Shutting down and abandoning module MRMesh (198)
[2018.12.03-23.23.45:532][661]LogModuleManager: Shutting down and abandoning module SourceCodeAccess (196)
[2018.12.03-23.23.45:532][661]LogModuleManager: Shutting down and abandoning module HeadMountedDisplay (194)
[2018.12.03-23.23.45:532][661]LogModuleManager: Shutting down and abandoning module XAudio2 (192)
[2018.12.03-23.23.45:532][661]LogModuleManager: Shutting down and abandoning module Networking (190)
[2018.12.03-23.23.45:532][661]LogModuleManager: Shutting down and abandoning module Core (188)
[2018.12.03-23.23.45:532][661]LogModuleManager: Shutting down and abandoning module LevelSequence (186)
[2018.12.03-23.23.45:532][661]LogModuleManager: Shutting down and abandoning module KismetCompiler (184)
[2018.12.03-23.23.45:532][661]LogModuleManager: Shutting down and abandoning module MeshUtilities (182)
[2018.12.03-23.23.45:532][661]LogModuleManager: Shutting down and abandoning module MeshMergeUtilities (181)
[2018.12.03-23.23.45:532][661]LogModuleManager: Shutting down and abandoning module MeshReductionInterface (180)
[2018.12.03-23.23.45:532][661]LogModuleManager: Shutting down and abandoning module SimplygonSwarm (179)
[2018.12.03-23.23.45:533][661]LogModuleManager: Shutting down and abandoning module ProxyLODMeshReduction (177)
[2018.12.03-23.23.45:533][661]LogModuleManager: Shutting down and abandoning module SimplygonMeshReduction (175)
[2018.12.03-23.23.45:533][661]LogModuleManager: Shutting down and abandoning module QuadricMeshReduction (173)
[2018.12.03-23.23.45:533][661]LogModuleManager: Shutting down and abandoning module MaterialBaking (169)
[2018.12.03-23.23.45:533][661]LogModuleManager: Shutting down and abandoning module DirectoryWatcher (165)
[2018.12.03-23.23.45:533][661]LogModuleManager: Shutting down and abandoning module DerivedDataCache (162)
[2018.12.03-23.23.45:550][661]LogDerivedDataCache: Shutdown
[2018.12.03-23.23.45:550][661]LogModuleManager: Shutting down and abandoning module XGEController (160)
[2018.12.03-23.23.45:550][661]LogXGEController: Cleaning working directory: C:/Users/11510763/AppData/Local/Temp/UnrealXGEWorkingDir/
[2018.12.03-23.23.45:551][661]LogModuleManager: Shutting down and abandoning module TargetPlatform (158)
[2018.12.03-23.23.45:551][661]LogModuleManager: Shutting down and abandoning module VulkanShaderFormat (157)
[2018.12.03-23.23.45:551][661]LogModuleManager: Shutting down and abandoning module ShaderFormatVectorVM (155)
[2018.12.03-23.23.45:551][661]LogModuleManager: Shutting down and abandoning module ShaderFormatOpenGL (153)
[2018.12.03-23.23.45:551][661]LogModuleManager: Shutting down and abandoning module ShaderFormatD3D (151)
[2018.12.03-23.23.45:551][661]LogModuleManager: Shutting down and abandoning module MetalShaderFormat (149)
[2018.12.03-23.23.45:551][661]LogModuleManager: Shutting down and abandoning module TextureFormatUncompressed (147)
[2018.12.03-23.23.45:551][661]LogModuleManager: Shutting down and abandoning module TextureFormatPVR (145)
[2018.12.03-23.23.45:551][661]LogModuleManager: Shutting down and abandoning module TextureFormatDXT (143)
[2018.12.03-23.23.45:551][661]LogModuleManager: Shutting down and abandoning module TextureFormatIntelISPCTexComp (141)
[2018.12.03-23.23.45:551][661]LogModuleManager: Shutting down and abandoning module TextureFormatASTC (139)
[2018.12.03-23.23.45:551][661]LogModuleManager: Shutting down and abandoning module ImageWrapper (138)
[2018.12.03-23.23.45:551][661]LogModuleManager: Shutting down and abandoning module TextureFormatAndroid (135)
[2018.12.03-23.23.45:551][661]LogModuleManager: Shutting down and abandoning module AudioFormatOpus (133)
[2018.12.03-23.23.45:551][661]LogModuleManager: Shutting down and abandoning module AudioFormatOgg (131)
[2018.12.03-23.23.45:551][661]LogModuleManager: Shutting down and abandoning module AudioFormatADPCM (129)
[2018.12.03-23.23.45:551][661]LogModuleManager: Shutting down and abandoning module LuminTargetPlatform (127)
[2018.12.03-23.23.45:551][661]LogModuleManager: Shutting down and abandoning module LinuxTargetPlatform (125)
[2018.12.03-23.23.45:551][661]LogModuleManager: Shutting down and abandoning module LinuxServerTargetPlatform (123)
[2018.12.03-23.23.45:551][661]LogModuleManager: Shutting down and abandoning module LinuxNoEditorTargetPlatform (121)
[2018.12.03-23.23.45:551][661]LogModuleManager: Shutting down and abandoning module LinuxClientTargetPlatform (119)
[2018.12.03-23.23.45:551][661]LogModuleManager: Shutting down and abandoning module TVOSTargetPlatform (117)
[2018.12.03-23.23.45:552][661]LogModuleManager: Shutting down and abandoning module Messaging (115)
[2018.12.03-23.23.45:552][661]LogModuleManager: Shutting down and abandoning module IOSTargetPlatform (113)
[2018.12.03-23.23.45:553][661]LogModuleManager: Shutting down and abandoning module HTML5TargetPlatform (111)
[2018.12.03-23.23.45:553][661]LogModuleManager: Shutting down and abandoning module AndroidTargetPlatform (109)
[2018.12.03-23.23.45:564][661]LogModuleManager: Shutting down and abandoning module WindowsTargetPlatform (107)
[2018.12.03-23.23.45:564][661]LogModuleManager: Shutting down and abandoning module WindowsServerTargetPlatform (105)
[2018.12.03-23.23.45:564][661]LogModuleManager: Shutting down and abandoning module WindowsNoEditorTargetPlatform (103)
[2018.12.03-23.23.45:564][661]LogModuleManager: Shutting down and abandoning module WindowsClientTargetPlatform (101)
[2018.12.03-23.23.45:565][661]LogModuleManager: Shutting down and abandoning module MacTargetPlatform (99)
[2018.12.03-23.23.45:565][661]LogModuleManager: Shutting down and abandoning module MacServerTargetPlatform (97)
[2018.12.03-23.23.45:565][661]LogModuleManager: Shutting down and abandoning module MacNoEditorTargetPlatform (95)
[2018.12.03-23.23.45:565][661]LogModuleManager: Shutting down and abandoning module MacClientTargetPlatform (93)
[2018.12.03-23.23.45:565][661]LogModuleManager: Shutting down and abandoning module AllDesktopTargetPlatform (91)
[2018.12.03-23.23.45:565][661]LogModuleManager: Shutting down and abandoning module InputCore (88)
[2018.12.03-23.23.45:565][661]LogModuleManager: Shutting down and abandoning module Settings (86)
[2018.12.03-23.23.45:565][661]LogModuleManager: Shutting down and abandoning module PhysXCooking (84)
[2018.12.03-23.23.45:565][661]LogModuleManager: Shutting down and abandoning module SteamVR (82)
[2018.12.03-23.23.45:565][661]LogModuleManager: Shutting down and abandoning module OculusHMD (80)
[2018.12.03-23.23.45:565][661]LogModuleManager: Shutting down and abandoning module ExampleDeviceProfileSelector (78)
[2018.12.03-23.23.45:565][661]LogModuleManager: Shutting down and abandoning module LauncherChunkInstaller (76)
[2018.12.03-23.23.45:565][661]LogModuleManager: Shutting down and abandoning module OnlineBlueprintSupport (74)
[2018.12.03-23.23.45:565][661]LogModuleManager: Shutting down and abandoning module OnlineSubsystem (70)
[2018.12.03-23.23.45:566][661]LogModuleManager: Shutting down and abandoning module XMPP (65)
[2018.12.03-23.23.45:566][661]LogModuleManager: Shutting down and abandoning module WebSockets (64)
[2018.12.03-23.23.45:602][661]LogModuleManager: Shutting down and abandoning module HTTP (61)
[2018.12.03-23.23.45:602][661]LogHttp: Display: Http module shutting down, but needs to wait on 1 outstanding Http requests:
[2018.12.03-23.23.45:602][661]LogHttp: Display: 	verb=[POST] url=[https://datarouter.ol.epicgames.com/datarouter/api/v1/public/data?SessionID=%7B19DDF50B-4FE3-623E-308D-A683F87BA022%7D&AppID=UEEditor.Rocket.Release&AppVersion=4.20.3-4369336%2B%2B%2BUE4%2BRelease-4.20&UserID=118918074864bf3bec6380a66290fbeb%7Cfd633101e9a24b19bf0e30c3f340aad5%7C65ca6e9b-7a9a-40c6-979b-609fd905ce3c&AppEnvironment=datacollector-binary&UploadType=eteventstream] status=Processing
[2018.12.03-23.23.45:602][661]LogHttp: Warning: 00000209BC96B9C0: request failed, libcurl error: 6 (Couldn't resolve host name)
[2018.12.03-23.23.45:602][661]LogHttp: Warning: 00000209BC96B9C0: libcurl info message cache 0 (Could not resolve host: datarouter.ol.epicgames.com)
[2018.12.03-23.23.45:602][661]LogHttp: Warning: 00000209BC96B9C0: libcurl info message cache 1 (Closing connection 8)
[2018.12.03-23.23.45:635][661]LogModuleManager: Shutting down and abandoning module SSL (60)
[2018.12.03-23.23.45:636][661]LogModuleManager: Shutting down and abandoning module MagicLeapEmulator (56)
[2018.12.03-23.23.45:636][661]LogModuleManager: Shutting down and abandoning module MagicLeapPrivileges (54)
[2018.12.03-23.23.45:636][661]LogModuleManager: Shutting down and abandoning module MagicLeapIdentity (52)
[2018.12.03-23.23.45:636][661]LogModuleManager: Shutting down and abandoning module MagicLeapHelperVulkan (50)
[2018.12.03-23.23.45:636][661]LogModuleManager: Shutting down and abandoning module MagicLeapHelperOpenGL (48)
[2018.12.03-23.23.45:636][661]LogModuleManager: Shutting down and abandoning module MagicLeapSecureStorage (46)
[2018.12.03-23.23.45:636][661]LogModuleManager: Shutting down and abandoning module MagicLeapGestures (44)
[2018.12.03-23.23.45:636][661]LogModuleManager: Shutting down and abandoning module MagicLeapEyeTracker (42)
[2018.12.03-23.23.45:636][661]LogModuleManager: Shutting down and abandoning module MagicLeapController (40)
[2018.12.03-23.23.45:637][661]LogSlate: Slate User Destroyed.  User Index 0, Is Virtual User: 0
[2018.12.03-23.23.45:637][661]LogModuleManager: Shutting down and abandoning module MagicLeap (38)
[2018.12.03-23.23.45:637][661]LogModuleManager: Shutting down and abandoning module AnimationModifiers (36)
[2018.12.03-23.23.45:637][661]LogModuleManager: Shutting down and abandoning module PropertyEditor (35)
[2018.12.03-23.23.45:637][661]LogModuleManager: Shutting down and abandoning module AudioEditor (32)
[2018.12.03-23.23.45:637][661]LogModuleManager: Shutting down and abandoning module TextureCompressor (30)
[2018.12.03-23.23.45:637][661]LogModuleManager: Shutting down and abandoning module ShaderCore (28)
[2018.12.03-23.23.45:637][661]LogModuleManager: Shutting down and abandoning module Landscape (26)
[2018.12.03-23.23.45:637][661]LogModuleManager: Shutting down and abandoning module SlateRHIRenderer (24)
[2018.12.03-23.23.45:638][661]LogModuleManager: Shutting down and abandoning module OpenGLDrv (22)
[2018.12.03-23.23.45:638][661]LogModuleManager: Shutting down and abandoning module D3D11RHI (20)
[2018.12.03-23.23.45:638][661]LogModuleManager: Shutting down and abandoning module AnimGraphRuntime (18)
[2018.12.03-23.23.45:638][661]LogModuleManager: Shutting down and abandoning module Renderer (16)
[2018.12.03-23.23.45:638][661]LogModuleManager: Shutting down and abandoning module Engine (14)
[2018.12.03-23.23.45:638][661]LogModuleManager: Shutting down and abandoning module CoreUObject (12)
[2018.12.03-23.23.45:638][661]LogModuleManager: Shutting down and abandoning module NetworkFile (10)
[2018.12.03-23.23.45:638][661]LogModuleManager: Shutting down and abandoning module CookedIterativeFile (8)
[2018.12.03-23.23.45:638][661]LogModuleManager: Shutting down and abandoning module StreamingFile (6)
[2018.12.03-23.23.45:638][661]LogModuleManager: Shutting down and abandoning module SandboxFile (4)
[2018.12.03-23.23.45:638][661]LogModuleManager: Shutting down and abandoning module PakFile (2)
[2018.12.03-23.23.45:659][661]LogExit: Exiting.
[2018.12.03-23.23.45:681][661]Log file closed, 12/03/18 21:23:45
